#
# There is insufficient memory for the Java Runtime Environment to continue.
# Native memory allocation (malloc) failed to allocate 2133936 bytes for Chunk::new
# Possible reasons:
#   The system is out of physical RAM or swap space
#   In 32 bit mode, the process size limit was hit
# Possible solutions:
#   Reduce memory load on the system
#   Increase physical memory or swap space
#   Check if swap backing store is full
#   Use 64 bit Java on a 64 bit OS
#   Decrease Java heap size (-Xmx/-Xms)
#   Decrease number of Java threads
#   Decrease Java thread stack sizes (-Xss)
#   Set larger code cache with -XX:ReservedCodeCacheSize=
# This output file may be truncated or incomplete.
#
#  Out of Memory Error (allocation.cpp:390), pid=3544, tid=0x00000000000003ac
#
# JRE version: Java(TM) SE Runtime Environment (8.0_141-b15) (build 1.8.0_141-b15)
# Java VM: Java HotSpot(TM) 64-Bit Server VM (25.141-b15 mixed mode windows-amd64 compressed oops)
# Failed to write core dump. Minidumps are not enabled by default on client versions of Windows
#

---------------  T H R E A D  ---------------

Current thread (0x0000000017532000):  JavaThread "C2 CompilerThread1" daemon [_thread_in_native, id=940, stack(0x0000000018c70000,0x0000000018d70000)]

Stack: [0x0000000018c70000,0x0000000018d70000]
[error occurred during error reporting (printing stack bounds), id 0xc0000005]

Native frames: (J=compiled Java code, j=interpreted, Vv=VM code, C=native code)


Current CompileTask:
C2:  19261 5880   !   4       java.net.URLClassLoader$1::run (63 bytes)


---------------  P R O C E S S  ---------------

Java Threads: ( => current thread )
  0x000000001aa9b000 JavaThread "CleanCursors-1-thread-1" daemon [_thread_blocked, id=10688, stack(0x0000000020670000,0x0000000020770000)]
  0x00000000191b2800 JavaThread "cluster-ClusterId{value='59ca4e0caa29970dd893f1ab', description='null'}-localhost:27017" daemon [_thread_blocked, id=1216, stack(0x0000000020570000,0x0000000020670000)]
  0x000000001a068000 JavaThread "container-0" [_thread_blocked, id=10872, stack(0x0000000020070000,0x0000000020170000)]
  0x000000001a046800 JavaThread "ContainerBackgroundProcessor[StandardEngine[Tomcat]]" daemon [_thread_blocked, id=10784, stack(0x000000001ff70000,0x0000000020070000)]
  0x00000000194d6000 JavaThread "localhost-startStop-1" daemon [_thread_blocked, id=6900, stack(0x000000001fc70000,0x000000001fd70000)]
  0x000000001b8bf800 JavaThread "Tomcat-startStop-1" daemon [_thread_blocked, id=8644, stack(0x000000001fb70000,0x000000001fc70000)]
  0x000000001b649000 JavaThread "main" [_thread_in_vm, id=5456, stack(0x000000001c410000,0x000000001c510000)]
  0x0000000018e98800 JavaThread "Service Thread" daemon [_thread_blocked, id=2344, stack(0x0000000019270000,0x0000000019370000)]
  0x0000000017535800 JavaThread "C1 CompilerThread2" daemon [_thread_blocked, id=752, stack(0x0000000018d70000,0x0000000018e70000)]
=>0x0000000017532000 JavaThread "C2 CompilerThread1" daemon [_thread_in_native, id=940, stack(0x0000000018c70000,0x0000000018d70000)]
  0x0000000017530000 JavaThread "C2 CompilerThread0" daemon [_thread_in_native, id=10100, stack(0x0000000018b70000,0x0000000018c70000)]
  0x000000001752e800 JavaThread "Attach Listener" daemon [_thread_blocked, id=2632, stack(0x0000000018a70000,0x0000000018b70000)]
  0x000000001752b000 JavaThread "Signal Dispatcher" daemon [_thread_blocked, id=4812, stack(0x0000000018970000,0x0000000018a70000)]
  0x00000000029da800 JavaThread "Finalizer" daemon [_thread_blocked, id=9668, stack(0x0000000018780000,0x0000000018880000)]
  0x00000000029cf800 JavaThread "Reference Handler" daemon [_thread_blocked, id=7124, stack(0x0000000018680000,0x0000000018780000)]
  0x000000000282e000 JavaThread "main" [_thread_blocked, id=7324, stack(0x0000000002710000,0x0000000002810000)]

Other Threads:
  0x00000000174f8000 VMThread [stack: 0x0000000018580000,0x0000000018680000] [id=8168]
  0x0000000018ebc000 WatcherThread [stack: 0x0000000019370000,0x0000000019470000] [id=2260]

VM state:not at safepoint (normal execution)

VM Mutex/Monitor currently owned by a thread: None

Heap:
 PSYoungGen      total 145408K, used 91997K [0x00000000d5d80000, 0x00000000df880000, 0x0000000100000000)
  eden space 132608K, 69% used [0x00000000d5d80000,0x00000000db757440,0x00000000ddf00000)
  from space 12800K, 0% used [0x00000000ddf00000,0x00000000ddf00000,0x00000000deb80000)
  to   space 12288K, 0% used [0x00000000deb80000,0x00000000deb80000,0x00000000df780000)
 ParOldGen       total 109568K, used 27049K [0x0000000081800000, 0x0000000088300000, 0x00000000d5d80000)
  object space 109568K, 24% used [0x0000000081800000,0x000000008326a728,0x0000000088300000)
 Metaspace       used 42471K, capacity 43308K, committed 43648K, reserved 1087488K
  class space    used 5257K, capacity 5494K, committed 5504K, reserved 1048576K

Card table byte_map: [0x0000000011da0000,0x00000000121a0000] byte_map_base: 0x0000000011994000

Marking Bits: (ParMarkBitMap*) 0x00000000764dd850
 Begin Bits: [0x0000000012850000, 0x00000000147f0000)
 End Bits:   [0x00000000147f0000, 0x0000000016790000)

Polling page: 0x0000000000b60000

CodeCache: size=245760Kb used=17645Kb max_used=17645Kb free=228114Kb
 bounds [0x00000000029e0000, 0x0000000003b30000, 0x00000000119e0000]
 total_blobs=5485 nmethods=5040 adapters=357
 compilation: enabled

Compilation events (10 events):
Event: 19.206 Thread 0x0000000017535800 nmethod 5916 0x0000000003af1090 code [0x0000000003af1220, 0x0000000003af1668]
Event: 19.206 Thread 0x0000000017535800 5917       3       java.nio.Buffer::nextGetIndex (31 bytes)
Event: 19.206 Thread 0x0000000017535800 nmethod 5917 0x0000000003af0bd0 code [0x0000000003af0d40, 0x0000000003af0fa8]
Event: 19.207 Thread 0x0000000017535800 5918       3       org.bson.io.ByteBufferBsonInput::ensureOpen (18 bytes)
Event: 19.207 Thread 0x0000000017535800 nmethod 5918 0x0000000003af0750 code [0x0000000003af08c0, 0x0000000003af0b08]
Event: 19.207 Thread 0x0000000017535800 5919       3       org.bson.io.ByteBufferBsonInput::ensureAvailable (53 bytes)
Event: 19.209 Thread 0x0000000017535800 nmethod 5919 0x0000000003b23910 code [0x0000000003b23be0, 0x0000000003b252f8]
Event: 19.209 Thread 0x0000000017535800 5920       3       org.bson.ByteBufNIO::remaining (8 bytes)
Event: 19.210 Thread 0x0000000017535800 nmethod 5920 0x0000000003af02d0 code [0x0000000003af0440, 0x0000000003af0690]
Event: 19.210 Thread 0x0000000017535800 5925       3       java.nio.HeapByteBuffer::put (16 bytes)

GC Heap History (10 events):
Event: 13.427 GC heap before
{Heap before GC invocations=7 (full 0):
 PSYoungGen      total 144896K, used 81405K [0x00000000d5d80000, 0x00000000df880000, 0x0000000100000000)
  eden space 132608K, 53% used [0x00000000d5d80000,0x00000000da3509c0,0x00000000ddf00000)
  from space 12288K, 80% used [0x00000000deb80000,0x00000000df52ebc0,0x00000000df780000)
  to   space 12800K, 0% used [0x00000000ddf00000,0x00000000ddf00000,0x00000000deb80000)
 ParOldGen       total 87552K, used 14912K [0x0000000081800000, 0x0000000086d80000, 0x00000000d5d80000)
  object space 87552K, 17% used [0x0000000081800000,0x0000000082690130,0x0000000086d80000)
 Metaspace       used 20581K, capacity 21172K, committed 21296K, reserved 1069056K
  class space    used 2489K, capacity 2664K, committed 2688K, reserved 1048576K
Event: 13.450 GC heap after
Heap after GC invocations=7 (full 0):
 PSYoungGen      total 145408K, used 12780K [0x00000000d5d80000, 0x00000000df880000, 0x0000000100000000)
  eden space 132608K, 0% used [0x00000000d5d80000,0x00000000d5d80000,0x00000000ddf00000)
  from space 12800K, 99% used [0x00000000ddf00000,0x00000000deb7b108,0x00000000deb80000)
  to   space 12288K, 0% used [0x00000000deb80000,0x00000000deb80000,0x00000000df780000)
 ParOldGen       total 87552K, used 16924K [0x0000000081800000, 0x0000000086d80000, 0x00000000d5d80000)
  object space 87552K, 19% used [0x0000000081800000,0x00000000828870b0,0x0000000086d80000)
 Metaspace       used 20581K, capacity 21172K, committed 21296K, reserved 1069056K
  class space    used 2489K, capacity 2664K, committed 2688K, reserved 1048576K
}
Event: 13.450 GC heap before
{Heap before GC invocations=8 (full 1):
 PSYoungGen      total 145408K, used 12780K [0x00000000d5d80000, 0x00000000df880000, 0x0000000100000000)
  eden space 132608K, 0% used [0x00000000d5d80000,0x00000000d5d80000,0x00000000ddf00000)
  from space 12800K, 99% used [0x00000000ddf00000,0x00000000deb7b108,0x00000000deb80000)
  to   space 12288K, 0% used [0x00000000deb80000,0x00000000deb80000,0x00000000df780000)
 ParOldGen       total 87552K, used 16924K [0x0000000081800000, 0x0000000086d80000, 0x00000000d5d80000)
  object space 87552K, 19% used [0x0000000081800000,0x00000000828870b0,0x0000000086d80000)
 Metaspace       used 20581K, capacity 21172K, committed 21296K, reserved 1069056K
  class space    used 2489K, capacity 2664K, committed 2688K, reserved 1048576K
Event: 13.595 GC heap after
Heap after GC invocations=8 (full 1):
 PSYoungGen      total 145408K, used 0K [0x00000000d5d80000, 0x00000000df880000, 0x0000000100000000)
  eden space 132608K, 0% used [0x00000000d5d80000,0x00000000d5d80000,0x00000000ddf00000)
  from space 12800K, 0% used [0x00000000ddf00000,0x00000000ddf00000,0x00000000deb80000)
  to   space 12288K, 0% used [0x00000000deb80000,0x00000000deb80000,0x00000000df780000)
 ParOldGen       total 77312K, used 24155K [0x0000000081800000, 0x0000000086380000, 0x00000000d5d80000)
  object space 77312K, 31% used [0x0000000081800000,0x0000000082f96cd0,0x0000000086380000)
 Metaspace       used 20581K, capacity 21172K, committed 21296K, reserved 1069056K
  class space    used 2489K, capacity 2664K, committed 2688K, reserved 1048576K
}
Event: 15.931 GC heap before
{Heap before GC invocations=9 (full 1):
 PSYoungGen      total 145408K, used 132608K [0x00000000d5d80000, 0x00000000df880000, 0x0000000100000000)
  eden space 132608K, 100% used [0x00000000d5d80000,0x00000000ddf00000,0x00000000ddf00000)
  from space 12800K, 0% used [0x00000000ddf00000,0x00000000ddf00000,0x00000000deb80000)
  to   space 12288K, 0% used [0x00000000deb80000,0x00000000deb80000,0x00000000df780000)
 ParOldGen       total 77312K, used 24155K [0x0000000081800000, 0x0000000086380000, 0x00000000d5d80000)
  object space 77312K, 31% used [0x0000000081800000,0x0000000082f96cd0,0x0000000086380000)
 Metaspace       used 33229K, capacity 33974K, committed 34304K, reserved 1079296K
  class space    used 4035K, capacity 4254K, committed 4352K, reserved 1048576K
Event: 15.950 GC heap after
Heap after GC invocations=9 (full 1):
 PSYoungGen      total 144896K, used 12279K [0x00000000d5d80000, 0x00000000df880000, 0x0000000100000000)
  eden space 132608K, 0% used [0x00000000d5d80000,0x00000000d5d80000,0x00000000ddf00000)
  from space 12288K, 99% used [0x00000000deb80000,0x00000000df77dd90,0x00000000df780000)
  to   space 12800K, 0% used [0x00000000ddf00000,0x00000000ddf00000,0x00000000deb80000)
 ParOldGen       total 77312K, used 26238K [0x0000000081800000, 0x0000000086380000, 0x00000000d5d80000)
  object space 77312K, 33% used [0x0000000081800000,0x000000008319f900,0x0000000086380000)
 Metaspace       used 33229K, capacity 33974K, committed 34304K, reserved 1079296K
  class space    used 4035K, capacity 4254K, committed 4352K, reserved 1048576K
}
Event: 16.367 GC heap before
{Heap before GC invocations=10 (full 1):
 PSYoungGen      total 144896K, used 32967K [0x00000000d5d80000, 0x00000000df880000, 0x0000000100000000)
  eden space 132608K, 15% used [0x00000000d5d80000,0x00000000d71b4050,0x00000000ddf00000)
  from space 12288K, 99% used [0x00000000deb80000,0x00000000df77dd90,0x00000000df780000)
  to   space 12800K, 0% used [0x00000000ddf00000,0x00000000ddf00000,0x00000000deb80000)
 ParOldGen       total 77312K, used 26238K [0x0000000081800000, 0x0000000086380000, 0x00000000d5d80000)
  object space 77312K, 33% used [0x0000000081800000,0x000000008319f900,0x0000000086380000)
 Metaspace       used 34498K, capacity 35196K, committed 35456K, reserved 1081344K
  class space    used 4187K, capacity 4383K, committed 4480K, reserved 1048576K
Event: 16.375 GC heap after
Heap after GC invocations=10 (full 1):
 PSYoungGen      total 145408K, used 6975K [0x00000000d5d80000, 0x00000000df880000, 0x0000000100000000)
  eden space 132608K, 0% used [0x00000000d5d80000,0x00000000d5d80000,0x00000000ddf00000)
  from space 12800K, 54% used [0x00000000ddf00000,0x00000000de5cfff8,0x00000000deb80000)
  to   space 12288K, 0% used [0x00000000deb80000,0x00000000deb80000,0x00000000df780000)
 ParOldGen       total 77312K, used 26246K [0x0000000081800000, 0x0000000086380000, 0x00000000d5d80000)
  object space 77312K, 33% used [0x0000000081800000,0x00000000831a1900,0x0000000086380000)
 Metaspace       used 34498K, capacity 35196K, committed 35456K, reserved 1081344K
  class space    used 4187K, capacity 4383K, committed 4480K, reserved 1048576K
}
Event: 16.375 GC heap before
{Heap before GC invocations=11 (full 2):
 PSYoungGen      total 145408K, used 6975K [0x00000000d5d80000, 0x00000000df880000, 0x0000000100000000)
  eden space 132608K, 0% used [0x00000000d5d80000,0x00000000d5d80000,0x00000000ddf00000)
  from space 12800K, 54% used [0x00000000ddf00000,0x00000000de5cfff8,0x00000000deb80000)
  to   space 12288K, 0% used [0x00000000deb80000,0x00000000deb80000,0x00000000df780000)
 ParOldGen       total 77312K, used 26246K [0x0000000081800000, 0x0000000086380000, 0x00000000d5d80000)
  object space 77312K, 33% used [0x0000000081800000,0x00000000831a1900,0x0000000086380000)
 Metaspace       used 34498K, capacity 35196K, committed 35456K, reserved 1081344K
  class space    used 4187K, capacity 4383K, committed 4480K, reserved 1048576K
Event: 16.491 GC heap after
Heap after GC invocations=11 (full 2):
 PSYoungGen      total 145408K, used 0K [0x00000000d5d80000, 0x00000000df880000, 0x0000000100000000)
  eden space 132608K, 0% used [0x00000000d5d80000,0x00000000d5d80000,0x00000000ddf00000)
  from space 12800K, 0% used [0x00000000ddf00000,0x00000000ddf00000,0x00000000deb80000)
  to   space 12288K, 0% used [0x00000000deb80000,0x00000000deb80000,0x00000000df780000)
 ParOldGen       total 109568K, used 27049K [0x0000000081800000, 0x0000000088300000, 0x00000000d5d80000)
  object space 109568K, 24% used [0x0000000081800000,0x000000008326a728,0x0000000088300000)
 Metaspace       used 34498K, capacity 35196K, committed 35456K, reserved 1081344K
  class space    used 4187K, capacity 4383K, committed 4480K, reserved 1048576K
}

Deoptimization events (10 events):
Event: 18.500 Thread 0x000000001b649000 Uncommon trap: reason=class_check action=maybe_recompile pc=0x0000000002ae1ad4 method=java.util.jar.JarFile.getJarEntry(Ljava/lang/String;)Ljava/util/jar/JarEntry; @ 2
Event: 18.500 Thread 0x000000001b649000 Uncommon trap: reason=class_check action=maybe_recompile pc=0x0000000002ae1ad4 method=java.util.jar.JarFile.getJarEntry(Ljava/lang/String;)Ljava/util/jar/JarEntry; @ 2
Event: 18.500 Thread 0x000000001b649000 Uncommon trap: reason=class_check action=maybe_recompile pc=0x0000000002ae1ad4 method=java.util.jar.JarFile.getJarEntry(Ljava/lang/String;)Ljava/util/jar/JarEntry; @ 2
Event: 18.526 Thread 0x000000001b649000 Uncommon trap: reason=unstable_if action=reinterpret pc=0x0000000003a3c304 method=java.util.Properties.load0(Ljava/util/Properties$LineReader;)V @ 33
Event: 18.526 Thread 0x000000001b649000 Uncommon trap: reason=unstable_if action=reinterpret pc=0x00000000031e6d70 method=java.util.Properties.load0(Ljava/util/Properties$LineReader;)V @ 33
Event: 18.559 Thread 0x000000001b649000 Uncommon trap: reason=unstable_if action=reinterpret pc=0x0000000003033fec method=java.net.URI.match(CJJ)Z @ 45
Event: 18.564 Thread 0x000000001b649000 Uncommon trap: reason=unstable_if action=reinterpret pc=0x0000000002b07620 method=java.net.URI.match(CJJ)Z @ 45
Event: 18.643 Thread 0x000000001b649000 Uncommon trap: reason=class_check action=maybe_recompile pc=0x0000000003894314 method=java.util.AbstractList$Itr.hasNext()Z @ 8
Event: 19.060 Thread 0x000000001b649000 Uncommon trap: reason=unstable_if action=reinterpret pc=0x0000000002c47088 method=java.lang.AbstractStringBuilder.append(Ljava/lang/String;)Ljava/lang/AbstractStringBuilder; @ 1
Event: 19.115 Thread 0x00000000191b2800 Uncommon trap: reason=unstable_if action=reinterpret pc=0x000000000332cb3c method=java.util.Properties$LineReader.readLine()I @ 174

Internal exceptions (10 events):
Event: 18.218 Thread 0x000000001b649000 Exception <a 'java/lang/ClassNotFoundException': org/springframework/context/annotation/ConfigurationClassEnhancer$EnhancedConfigurationCustomizer> (0x00000000d9788618) thrown at [C:\re\workspace\8-2-build-windows-amd64-cygwin\jdk8u141\9370\hotspot\src\sh
Event: 19.060 Thread 0x000000001b649000 Implicit null exception at 0x0000000002c46cd6 to 0x0000000002c47071
Event: 19.127 Thread 0x000000001b649000 Exception <a 'java/lang/ClassNotFoundException': java/lang/ObjectCustomizer> (0x00000000db0795d0) thrown at [C:\re\workspace\8-2-build-windows-amd64-cygwin\jdk8u141\9370\hotspot\src\share\vm\classfile\systemDictionary.cpp, line 210]
Event: 19.128 Thread 0x000000001b649000 Exception <a 'java/lang/ClassNotFoundException': com/mongodb/MongoCustomizer> (0x00000000db08c388) thrown at [C:\re\workspace\8-2-build-windows-amd64-cygwin\jdk8u141\9370\hotspot\src\share\vm\classfile\systemDictionary.cpp, line 210]
Event: 19.130 Thread 0x000000001b649000 Exception <a 'java/lang/ClassNotFoundException': com/mongodb/MongoClientCustomizer> (0x00000000db0b4b28) thrown at [C:\re\workspace\8-2-build-windows-amd64-cygwin\jdk8u141\9370\hotspot\src\share\vm\classfile\systemDictionary.cpp, line 210]
Event: 19.132 Thread 0x000000001b649000 Exception <a 'java/lang/ClassNotFoundException': java/io/CloseableCustomizer> (0x00000000db1c7d80) thrown at [C:\re\workspace\8-2-build-windows-amd64-cygwin\jdk8u141\9370\hotspot\src\share\vm\classfile\systemDictionary.cpp, line 210]
Event: 19.159 Thread 0x000000001b649000 Exception <a 'java/lang/ClassNotFoundException': java/lang/ObjectCustomizer> (0x00000000db2cf628) thrown at [C:\re\workspace\8-2-build-windows-amd64-cygwin\jdk8u141\9370\hotspot\src\share\vm\classfile\systemDictionary.cpp, line 210]
Event: 19.159 Thread 0x000000001b649000 Exception <a 'java/lang/ClassNotFoundException': org/springframework/data/mongodb/core/SimpleMongoDbFactoryCustomizer> (0x00000000db2ebf20) thrown at [C:\re\workspace\8-2-build-windows-amd64-cygwin\jdk8u141\9370\hotspot\src\share\vm\classfile\systemDictio
Event: 19.161 Thread 0x000000001b649000 Exception <a 'java/lang/ClassNotFoundException': org/springframework/beans/factory/DisposableBeanCustomizer> (0x00000000db309900) thrown at [C:\re\workspace\8-2-build-windows-amd64-cygwin\jdk8u141\9370\hotspot\src\share\vm\classfile\systemDictionary.cpp, 
Event: 19.162 Thread 0x000000001b649000 Exception <a 'java/lang/ClassNotFoundException': org/springframework/data/mongodb/MongoDbFactoryCustomizer> (0x00000000db3202d0) thrown at [C:\re\workspace\8-2-build-windows-amd64-cygwin\jdk8u141\9370\hotspot\src\share\vm\classfile\systemDictionary.cpp, l

Events (10 events):
Event: 19.205 loading class org/bson/AbstractBsonReader$1
Event: 19.205 loading class org/bson/AbstractBsonReader$1 done
Event: 19.205 loading class org/springframework/data/mongodb/core/geo/GeoJson
Event: 19.205 loading class org/springframework/data/mongodb/core/geo/GeoJson done
Event: 19.206 loading class org/springframework/data/mongodb/core/convert/GeoConverters$PointToDbObjectConverter
Event: 19.206 loading class org/springframework/data/mongodb/core/convert/GeoConverters$PointToDbObjectConverter done
Event: 19.207 loading class org/springframework/data/mongodb/core/convert/GeoConverters$GeoCommandToDbObjectConverter
Event: 19.207 loading class org/springframework/data/mongodb/core/convert/GeoConverters$GeoCommandToDbObjectConverter done
Event: 19.208 loading class com/mongodb/connection/DescriptionHelper
Event: 19.208 loading class com/mongodb/connection/DescriptionHelper done


Dynamic libraries:
0x00007ff74cd90000 - 0x00007ff74cdc7000 	C:\ProgramData\Oracle\Java\javapath\java.exe
0x00007ff953420000 - 0x00007ff9535fb000 	C:\Windows\SYSTEM32\ntdll.dll
0x00007ff950cb0000 - 0x00007ff950d5e000 	C:\Windows\System32\KERNEL32.DLL
0x00007ff950530000 - 0x00007ff950779000 	C:\Windows\System32\KERNELBASE.dll
0x00007ff952d20000 - 0x00007ff952dc1000 	C:\Windows\System32\ADVAPI32.dll
0x00007ff950be0000 - 0x00007ff950c7d000 	C:\Windows\System32\msvcrt.dll
0x00007ff952dd0000 - 0x00007ff952e29000 	C:\Windows\System32\sechost.dll
0x00007ff9510e0000 - 0x00007ff951205000 	C:\Windows\System32\RPCRT4.dll
0x00007ff950980000 - 0x00007ff950aca000 	C:\Windows\System32\USER32.dll
0x00007ff950780000 - 0x00007ff95079e000 	C:\Windows\System32\win32u.dll
0x00007ff950c80000 - 0x00007ff950ca7000 	C:\Windows\System32\GDI32.dll
0x00007ff9507f0000 - 0x00007ff950978000 	C:\Windows\System32\gdi32full.dll
0x00007ff9503e0000 - 0x00007ff95047a000 	C:\Windows\System32\msvcp_win.dll
0x00007ff94f9a0000 - 0x00007ff94fa96000 	C:\Windows\System32\ucrtbase.dll
0x00007ff943a70000 - 0x00007ff943cd7000 	C:\Windows\WinSxS\amd64_microsoft.windows.common-controls_6595b64144ccf1df_6.0.15063.483_none_26002d27e7c744a2\COMCTL32.dll
0x00007ff9512e0000 - 0x00007ff9515d9000 	C:\Windows\System32\combase.dll
0x00007ff94faa0000 - 0x00007ff94fb0a000 	C:\Windows\System32\bcryptPrimitives.dll
0x00007ff9510b0000 - 0x00007ff9510dd000 	C:\Windows\System32\IMM32.DLL
0x0000000075be0000 - 0x0000000075cb2000 	C:\Program Files\Java\jre1.8.0_141\bin\msvcr100.dll
0x0000000075cc0000 - 0x000000007655d000 	C:\Program Files\Java\jre1.8.0_141\bin\server\jvm.dll
0x00007ff951850000 - 0x00007ff951858000 	C:\Windows\System32\PSAPI.DLL
0x00007ff94ba30000 - 0x00007ff94ba39000 	C:\Windows\SYSTEM32\WSOCK32.dll
0x00007ff94c840000 - 0x00007ff94c863000 	C:\Windows\SYSTEM32\WINMM.dll
0x00007ff946790000 - 0x00007ff94679a000 	C:\Windows\SYSTEM32\VERSION.dll
0x00007ff951270000 - 0x00007ff9512dc000 	C:\Windows\System32\WS2_32.dll
0x00007ff94c7e0000 - 0x00007ff94c80b000 	C:\Windows\SYSTEM32\winmmbase.dll
0x00007ff9507a0000 - 0x00007ff9507e9000 	C:\Windows\System32\cfgmgr32.dll
0x0000000050010000 - 0x000000005001f000 	C:\Program Files\Java\jre1.8.0_141\bin\verify.dll
0x0000000077d00000 - 0x0000000077d29000 	C:\Program Files\Java\jre1.8.0_141\bin\java.dll
0x0000000077ce0000 - 0x0000000077cf6000 	C:\Program Files\Java\jre1.8.0_141\bin\zip.dll
0x00007ff951860000 - 0x00007ff952c96000 	C:\Windows\System32\SHELL32.dll
0x00007ff953370000 - 0x00007ff95341a000 	C:\Windows\System32\shcore.dll
0x00007ff94fce0000 - 0x00007ff9503d3000 	C:\Windows\System32\windows.storage.dll
0x00007ff951210000 - 0x00007ff951261000 	C:\Windows\System32\shlwapi.dll
0x00007ff94f900000 - 0x00007ff94f911000 	C:\Windows\System32\kernel.appcore.dll
0x00007ff94f8b0000 - 0x00007ff94f8fc000 	C:\Windows\System32\powrprof.dll
0x00007ff94f890000 - 0x00007ff94f8a5000 	C:\Windows\System32\profapi.dll
0x00007ff94b7b0000 - 0x00007ff94b7ba000 	C:\Program Files\apache-maven-3.5.0\lib\jansi-native\windows64\jansi.dll
0x0000000077cc0000 - 0x0000000077cda000 	C:\Program Files\Java\jre1.8.0_141\bin\net.dll
0x00007ff94f1a0000 - 0x00007ff94f1fc000 	C:\Windows\system32\mswsock.dll
0x0000000077530000 - 0x0000000077541000 	C:\Program Files\Java\jre1.8.0_141\bin\nio.dll
0x0000000077cb0000 - 0x0000000077cbd000 	C:\Program Files\Java\jre1.8.0_141\bin\management.dll
0x00007ff94cb80000 - 0x00007ff94cb96000 	C:\Windows\system32\napinsp.dll
0x00007ff94c790000 - 0x00007ff94c7aa000 	C:\Windows\system32\pnrpnsp.dll
0x00007ff94caf0000 - 0x00007ff94cb08000 	C:\Windows\system32\NLAapi.dll
0x00007ff94ef80000 - 0x00007ff94f024000 	C:\Windows\SYSTEM32\DNSAPI.dll
0x00007ff951780000 - 0x00007ff951788000 	C:\Windows\System32\NSI.dll
0x00007ff94ef40000 - 0x00007ff94ef77000 	C:\Windows\SYSTEM32\IPHLPAPI.DLL
0x00007ff94b9f0000 - 0x00007ff94b9fe000 	C:\Windows\System32\winrnr.dll
0x00007ff92b640000 - 0x00007ff92b655000 	C:\Windows\System32\wshbth.dll
0x00007ff942a90000 - 0x00007ff942a9a000 	C:\Windows\System32\rasadhlp.dll
0x00007ff943360000 - 0x00007ff9433cb000 	C:\Windows\System32\fwpuclnt.dll
0x00007ff94f450000 - 0x00007ff94f475000 	C:\Windows\SYSTEM32\bcrypt.dll
0x00007ff94f340000 - 0x00007ff94f357000 	C:\Windows\SYSTEM32\CRYPTSP.dll
0x00007ff94edc0000 - 0x00007ff94edf4000 	C:\Windows\system32\rsaenh.dll
0x00007ff94f7c0000 - 0x00007ff94f7e9000 	C:\Windows\SYSTEM32\USERENV.dll
0x00007ff94f360000 - 0x00007ff94f36b000 	C:\Windows\SYSTEM32\CRYPTBASE.dll
0x00007ff949d60000 - 0x00007ff949d76000 	C:\Windows\SYSTEM32\dhcpcsvc6.DLL
0x00007ff949e10000 - 0x00007ff949e2a000 	C:\Windows\SYSTEM32\dhcpcsvc.DLL
0x0000000077500000 - 0x0000000077524000 	C:\Program Files\Java\jre1.8.0_141\bin\sunec.dll

VM Arguments:
jvm_args: -Dclassworlds.conf=C:\Program Files\apache-maven-3.5.0\bin\..\bin\m2.conf -Dmaven.home=C:\Program Files\apache-maven-3.5.0\bin\.. -Dmaven.multiModuleProjectDirectory=D:\my-java\my-money-webservice 
java_command: org.codehaus.plexus.classworlds.launcher.Launcher spring-boot:run
java_class_path (initial): C:\Program Files\apache-maven-3.5.0\bin\..\boot\plexus-classworlds-2.5.2.jar
Launcher Type: SUN_STANDARD

Environment Variables:
PATH=C:\Program Files\Dell\DW WLAN Card;;C:\ProgramData\Oracle\Java\javapath;C:\Windows\system32;C:\Windows;C:\Windows\System32\Wbem;C:\Windows\System32\WindowsPowerShell\v1.0\;C:\Program Files\Microsoft SQL Server\120\Tools\Binn\;C:\Program Files\Microsoft SQL Server\130\Tools\Binn\;C:\Program Files\MySQL\MySQL Utilities 1.6\;C:\Program Files\Microsoft SQL Server\Client SDK\ODBC\110\Tools\Binn\;C:\Program Files (x86)\Microsoft SQL Server\120\Tools\Binn\;C:\Program Files\Microsoft SQL Server\120\DTS\Binn\;C:\Program Files (x86)\Microsoft SQL Server\120\Tools\Binn\ManagementStudio\;C:\Program Files (x86)\Microsoft SQL Server\120\DTS\Binn\;C:\Program Files\nodejs\;C:\Program Files\MongoDB\Server\3.4\bin;C:\Program Files\apache-maven-3.5.0\bin;C:\Program Files\dotnet\;C:\Users\kunsubin\AppData\Local\Microsoft\WindowsApps;C:\Users\kunsubin\AppData\Roaming\npm;C:\Program Files\Heroku\bin;C:\Users\kunsubin\AppData\Local\GitHubDesktop\bin
USERNAME=kunsubin
OS=Windows_NT
PROCESSOR_IDENTIFIER=Intel64 Family 6 Model 69 Stepping 1, GenuineIntel



---------------  S Y S T E M  ---------------

OS: Windows 10.0 , 64 bit Build 15063 (10.0.15063.296)

CPU:total 4 (initial active 4) (2 cores per cpu, 2 threads per core) family 6 model 69 stepping 1, cmov, cx8, fxsr, mmx, sse, sse2, sse3, ssse3, sse4.1, sse4.2, popcnt, avx, avx2, aes, clmul, erms, lzcnt, ht, tsc, tscinvbit, bmi1, bmi2

Memory: 4k page, physical 8290124k(1119460k free), swap 9338700k(6348k free)

vm_info: Java HotSpot(TM) 64-Bit Server VM (25.141-b15) for windows-amd64 JRE (1.8.0_141-b15), built on Jul 12 2017 04:25:12 by "java_re" with MS VC++ 10.0 (VS2010)

time: Tue Sep 26 19:54:37 2017
elapsed time: 19 seconds (0d 0h 0m 19s)

