#
# There is insufficient memory for the Java Runtime Environment to continue.
# Native memory allocation (malloc) failed to allocate 32744 bytes for ChunkPool::allocate
# Possible reasons:
#   The system is out of physical RAM or swap space
#   In 32 bit mode, the process size limit was hit
# Possible solutions:
#   Reduce memory load on the system
#   Increase physical memory or swap space
#   Check if swap backing store is full
#   Use 64 bit Java on a 64 bit OS
#   Decrease Java heap size (-Xmx/-Xms)
#   Decrease number of Java threads
#   Decrease Java thread stack sizes (-Xss)
#   Set larger code cache with -XX:ReservedCodeCacheSize=
# This output file may be truncated or incomplete.
#
#  Out of Memory Error (allocation.cpp:273), pid=1476, tid=0x0000000000001978
#
# JRE version: Java(TM) SE Runtime Environment (8.0_141-b15) (build 1.8.0_141-b15)
# Java VM: Java HotSpot(TM) 64-Bit Server VM (25.141-b15 mixed mode windows-amd64 compressed oops)
# Failed to write core dump. Minidumps are not enabled by default on client versions of Windows
#

---------------  T H R E A D  ---------------

Current thread (0x0000000017c32000):  JavaThread "C2 CompilerThread1" daemon [_thread_in_native, id=6520, stack(0x0000000019380000,0x0000000019480000)]

Stack: [0x0000000019380000,0x0000000019480000]
[error occurred during error reporting (printing stack bounds), id 0xc0000005]

Native frames: (J=compiled Java code, j=interpreted, Vv=VM code, C=native code)


Current CompileTask:
C2:  29653 5883       4       org.springframework.asm.ClassReader::readCode (3579 bytes)


---------------  P R O C E S S  ---------------

Java Threads: ( => current thread )
  0x000000001c3eb800 JavaThread "http-nio-8080-AsyncTimeout" daemon [_thread_blocked, id=10528, stack(0x00000000236f0000,0x00000000237f0000)]
  0x000000001c3e7800 JavaThread "http-nio-8080-Acceptor-0" daemon [_thread_in_native, id=10380, stack(0x00000000235f0000,0x00000000236f0000)]
  0x000000001c3e7000 JavaThread "http-nio-8080-ClientPoller-1" daemon [_thread_in_native, id=2348, stack(0x00000000234f0000,0x00000000235f0000)]
  0x000000001c3ea000 JavaThread "http-nio-8080-ClientPoller-0" daemon [_thread_in_native, id=7076, stack(0x00000000233f0000,0x00000000234f0000)]
  0x000000001adbf800 JavaThread "http-nio-8080-exec-10" daemon [_thread_blocked, id=1976, stack(0x00000000232f0000,0x00000000233f0000)]
  0x000000001adc2000 JavaThread "http-nio-8080-exec-9" daemon [_thread_blocked, id=8748, stack(0x00000000231f0000,0x00000000232f0000)]
  0x000000001adbf000 JavaThread "http-nio-8080-exec-8" daemon [_thread_blocked, id=7508, stack(0x00000000230f0000,0x00000000231f0000)]
  0x000000001adbd800 JavaThread "http-nio-8080-exec-7" daemon [_thread_blocked, id=9060, stack(0x0000000022ff0000,0x00000000230f0000)]
  0x000000001adc0800 JavaThread "http-nio-8080-exec-6" daemon [_thread_blocked, id=7024, stack(0x0000000022ef0000,0x0000000022ff0000)]
  0x000000001adbe000 JavaThread "http-nio-8080-exec-5" daemon [_thread_blocked, id=2984, stack(0x0000000022df0000,0x0000000022ef0000)]
  0x000000001adbc800 JavaThread "http-nio-8080-exec-4" daemon [_thread_blocked, id=10708, stack(0x0000000022cf0000,0x0000000022df0000)]
  0x000000001adc1000 JavaThread "http-nio-8080-exec-3" daemon [_thread_blocked, id=5444, stack(0x0000000022bf0000,0x0000000022cf0000)]
  0x0000000019c23000 JavaThread "http-nio-8080-exec-2" daemon [_thread_blocked, id=11212, stack(0x0000000022af0000,0x0000000022bf0000)]
  0x0000000020284800 JavaThread "http-nio-8080-exec-1" daemon [_thread_blocked, id=5008, stack(0x00000000229f0000,0x0000000022af0000)]
  0x000000001dac5800 JavaThread "NioBlockingSelector.BlockPoller-1" daemon [_thread_in_native, id=9168, stack(0x00000000228f0000,0x00000000229f0000)]
  0x000000001f8fb800 JavaThread "CleanCursors-1-thread-1" daemon [_thread_blocked, id=6736, stack(0x0000000021320000,0x0000000021420000)]
  0x000000001f8fa800 JavaThread "cluster-ClusterId{value='59ca4ebaaa299705c467b52b', description='null'}-localhost:27017" daemon [_thread_blocked, id=2636, stack(0x0000000020e00000,0x0000000020f00000)]
  0x000000001d72f800 JavaThread "container-0" [_thread_blocked, id=10852, stack(0x0000000020b30000,0x0000000020c30000)]
  0x000000001d0d1800 JavaThread "ContainerBackgroundProcessor[StandardEngine[Tomcat]]" daemon [_thread_blocked, id=10592, stack(0x0000000020a30000,0x0000000020b30000)]
  0x000000001d020000 JavaThread "localhost-startStop-1" daemon [_thread_blocked, id=5312, stack(0x000000001f3e0000,0x000000001f4e0000)]
  0x000000001c52d000 JavaThread "Tomcat-startStop-1" daemon [_thread_blocked, id=3124, stack(0x000000001f070000,0x000000001f170000)]
  0x0000000017c8d000 JavaThread "Service Thread" daemon [_thread_blocked, id=2424, stack(0x0000000019980000,0x0000000019a80000)]
  0x0000000017c35800 JavaThread "C1 CompilerThread2" daemon [_thread_blocked, id=8976, stack(0x0000000019480000,0x0000000019580000)]
=>0x0000000017c32000 JavaThread "C2 CompilerThread1" daemon [_thread_in_native, id=6520, stack(0x0000000019380000,0x0000000019480000)]
  0x0000000017c30000 JavaThread "C2 CompilerThread0" daemon [_thread_in_native, id=6756, stack(0x0000000019280000,0x0000000019380000)]
  0x0000000017c2e800 JavaThread "Attach Listener" daemon [_thread_blocked, id=10040, stack(0x0000000019180000,0x0000000019280000)]
  0x0000000017c2b000 JavaThread "Signal Dispatcher" daemon [_thread_blocked, id=1768, stack(0x0000000019080000,0x0000000019180000)]
  0x000000000306a800 JavaThread "Finalizer" daemon [_thread_blocked, id=724, stack(0x0000000018e90000,0x0000000018f90000)]
  0x000000000305f800 JavaThread "Reference Handler" daemon [_thread_blocked, id=8480, stack(0x0000000018d90000,0x0000000018e90000)]
  0x00000000030ae000 JavaThread "main" [_thread_blocked, id=8916, stack(0x00000000016c0000,0x00000000017c0000)]

Other Threads:
  0x0000000017bf8000 VMThread [stack: 0x0000000018c90000,0x0000000018d90000] [id=8200]
  0x00000000195c2800 WatcherThread [stack: 0x0000000019a80000,0x0000000019b80000] [id=11144]

VM state:not at safepoint (normal execution)

VM Mutex/Monitor currently owned by a thread: None

Heap:
 PSYoungGen      total 109568K, used 18326K [0x00000000d5d80000, 0x00000000ddb00000, 0x0000000100000000)
  eden space 95744K, 4% used [0x00000000d5d80000,0x00000000d61e8850,0x00000000dbb00000)
  from space 13824K, 99% used [0x00000000dbd80000,0x00000000dcafd288,0x00000000dcb00000)
  to   space 16384K, 0% used [0x00000000dcb00000,0x00000000dcb00000,0x00000000ddb00000)
 ParOldGen       total 98816K, used 27587K [0x0000000081800000, 0x0000000087880000, 0x00000000d5d80000)
  object space 98816K, 27% used [0x0000000081800000,0x00000000832f0c90,0x0000000087880000)
 Metaspace       used 44830K, capacity 45668K, committed 46080K, reserved 1089536K
  class space    used 5591K, capacity 5862K, committed 5888K, reserved 1048576K

Card table byte_map: [0x0000000012470000,0x0000000012870000] byte_map_base: 0x0000000012064000

Marking Bits: (ParMarkBitMap*) 0x00000000764dd850
 Begin Bits: [0x0000000012f20000, 0x0000000014ec0000)
 End Bits:   [0x0000000014ec0000, 0x0000000016e60000)

Polling page: 0x0000000001250000

CodeCache: size=245760Kb used=18774Kb max_used=18774Kb free=226985Kb
 bounds [0x00000000030b0000, 0x0000000004320000, 0x00000000120b0000]
 total_blobs=5632 nmethods=5177 adapters=367
 compilation: enabled

Compilation events (10 events):
Event: 29.531 Thread 0x0000000017c35800 6142       2       sun.reflect.ClassFileAssembler::opc_new (16 bytes)
Event: 29.532 Thread 0x0000000017c35800 nmethod 6142 0x0000000003d07b90 code [0x0000000003d07d20, 0x0000000003d07fc8]
Event: 29.539 Thread 0x0000000017c35800 6143       2       java.lang.invoke.MemberName::getName (25 bytes)
Event: 29.539 Thread 0x0000000017c35800 nmethod 6143 0x0000000003d07790 code [0x0000000003d07900, 0x0000000003d07ae8]
Event: 29.539 Thread 0x0000000017c35800 6144       2       java.lang.invoke.MethodType$ConcurrentWeakInternSet$WeakEntry::equals (49 bytes)
Event: 29.540 Thread 0x0000000017c35800 nmethod 6144 0x0000000003d072d0 code [0x0000000003d07440, 0x0000000003d07688]
Event: 29.550 Thread 0x0000000017c35800 6145       1       sun.util.locale.BaseLocale::getScript (5 bytes)
Event: 29.551 Thread 0x0000000017c35800 nmethod 6145 0x0000000003d07010 code [0x0000000003d07160, 0x0000000003d07270]
Event: 29.607 Thread 0x0000000017c35800 6146       2       java.io.FileInputStream::finalize (22 bytes)
Event: 29.608 Thread 0x0000000017c35800 nmethod 6146 0x0000000003d06c50 code [0x0000000003d06dc0, 0x0000000003d06f68]

GC Heap History (10 events):
Event: 25.515 GC heap before
{Heap before GC invocations=15 (full 1):
 PSYoungGen      total 60928K, used 53554K [0x00000000d5d80000, 0x00000000db780000, 0x0000000100000000)
  eden space 49152K, 100% used [0x00000000d5d80000,0x00000000d8d80000,0x00000000d8d80000)
  from space 11776K, 37% used [0x00000000d8d80000,0x00000000d91ccbb0,0x00000000d9900000)
  to   space 11776K, 0% used [0x00000000dac00000,0x00000000dac00000,0x00000000db780000)
 ParOldGen       total 68608K, used 22699K [0x0000000081800000, 0x0000000085b00000, 0x00000000d5d80000)
  object space 68608K, 33% used [0x0000000081800000,0x0000000082e2ad18,0x0000000085b00000)
 Metaspace       used 34206K, capacity 34972K, committed 35328K, reserved 1081344K
  class space    used 4154K, capacity 4351K, committed 4352K, reserved 1048576K
Event: 25.523 GC heap after
Heap after GC invocations=15 (full 1):
 PSYoungGen      total 79360K, used 3964K [0x00000000d5d80000, 0x00000000db700000, 0x0000000100000000)
  eden space 68096K, 0% used [0x00000000d5d80000,0x00000000d5d80000,0x00000000da000000)
  from space 11264K, 35% used [0x00000000dac00000,0x00000000dafdf000,0x00000000db700000)
  to   space 11776K, 0% used [0x00000000da000000,0x00000000da000000,0x00000000dab80000)
 ParOldGen       total 68608K, used 24466K [0x0000000081800000, 0x0000000085b00000, 0x00000000d5d80000)
  object space 68608K, 35% used [0x0000000081800000,0x0000000082fe48f0,0x0000000085b00000)
 Metaspace       used 34206K, capacity 34972K, committed 35328K, reserved 1081344K
  class space    used 4154K, capacity 4351K, committed 4352K, reserved 1048576K
}
Event: 25.555 GC heap before
{Heap before GC invocations=16 (full 1):
 PSYoungGen      total 79360K, used 6021K [0x00000000d5d80000, 0x00000000db700000, 0x0000000100000000)
  eden space 68096K, 3% used [0x00000000d5d80000,0x00000000d5f82660,0x00000000da000000)
  from space 11264K, 35% used [0x00000000dac00000,0x00000000dafdf000,0x00000000db700000)
  to   space 11776K, 0% used [0x00000000da000000,0x00000000da000000,0x00000000dab80000)
 ParOldGen       total 68608K, used 24466K [0x0000000081800000, 0x0000000085b00000, 0x00000000d5d80000)
  object space 68608K, 35% used [0x0000000081800000,0x0000000082fe48f0,0x0000000085b00000)
 Metaspace       used 34512K, capacity 35228K, committed 35456K, reserved 1081344K
  class space    used 4192K, capacity 4415K, committed 4480K, reserved 1048576K
Event: 25.559 GC heap after
Heap after GC invocations=16 (full 1):
 PSYoungGen      total 79872K, used 374K [0x00000000d5d80000, 0x00000000dd900000, 0x0000000100000000)
  eden space 68096K, 0% used [0x00000000d5d80000,0x00000000d5d80000,0x00000000da000000)
  from space 11776K, 3% used [0x00000000da000000,0x00000000da05da50,0x00000000dab80000)
  to   space 12288K, 0% used [0x00000000dcd00000,0x00000000dcd00000,0x00000000dd900000)
 ParOldGen       total 68608K, used 26362K [0x0000000081800000, 0x0000000085b00000, 0x00000000d5d80000)
  object space 68608K, 38% used [0x0000000081800000,0x00000000831be8f0,0x0000000085b00000)
 Metaspace       used 34512K, capacity 35228K, committed 35456K, reserved 1081344K
  class space    used 4192K, capacity 4415K, committed 4480K, reserved 1048576K
}
Event: 25.559 GC heap before
{Heap before GC invocations=17 (full 2):
 PSYoungGen      total 79872K, used 374K [0x00000000d5d80000, 0x00000000dd900000, 0x0000000100000000)
  eden space 68096K, 0% used [0x00000000d5d80000,0x00000000d5d80000,0x00000000da000000)
  from space 11776K, 3% used [0x00000000da000000,0x00000000da05da50,0x00000000dab80000)
  to   space 12288K, 0% used [0x00000000dcd00000,0x00000000dcd00000,0x00000000dd900000)
 ParOldGen       total 68608K, used 26362K [0x0000000081800000, 0x0000000085b00000, 0x00000000d5d80000)
  object space 68608K, 38% used [0x0000000081800000,0x00000000831be8f0,0x0000000085b00000)
 Metaspace       used 34512K, capacity 35228K, committed 35456K, reserved 1081344K
  class space    used 4192K, capacity 4415K, committed 4480K, reserved 1048576K
Event: 25.826 GC heap after
Heap after GC invocations=17 (full 2):
 PSYoungGen      total 79872K, used 0K [0x00000000d5d80000, 0x00000000dd900000, 0x0000000100000000)
  eden space 68096K, 0% used [0x00000000d5d80000,0x00000000d5d80000,0x00000000da000000)
  from space 11776K, 0% used [0x00000000da000000,0x00000000da000000,0x00000000dab80000)
  to   space 12288K, 0% used [0x00000000dcd00000,0x00000000dcd00000,0x00000000dd900000)
 ParOldGen       total 98816K, used 25906K [0x0000000081800000, 0x0000000087880000, 0x00000000d5d80000)
  object space 98816K, 26% used [0x0000000081800000,0x000000008314c8f0,0x0000000087880000)
 Metaspace       used 34512K, capacity 35228K, committed 35456K, reserved 1081344K
  class space    used 4192K, capacity 4415K, committed 4480K, reserved 1048576K
}
Event: 27.684 GC heap before
{Heap before GC invocations=18 (full 2):
 PSYoungGen      total 79872K, used 68096K [0x00000000d5d80000, 0x00000000dd900000, 0x0000000100000000)
  eden space 68096K, 100% used [0x00000000d5d80000,0x00000000da000000,0x00000000da000000)
  from space 11776K, 0% used [0x00000000da000000,0x00000000da000000,0x00000000dab80000)
  to   space 12288K, 0% used [0x00000000dcd00000,0x00000000dcd00000,0x00000000dd900000)
 ParOldGen       total 98816K, used 25906K [0x0000000081800000, 0x0000000087880000, 0x00000000d5d80000)
  object space 98816K, 26% used [0x0000000081800000,0x000000008314c8f0,0x0000000087880000)
 Metaspace       used 40553K, capacity 41338K, committed 41600K, reserved 1085440K
  class space    used 4941K, capacity 5203K, committed 5248K, reserved 1048576K
Event: 27.699 GC heap after
Heap after GC invocations=18 (full 2):
 PSYoungGen      total 95232K, used 11579K [0x00000000d5d80000, 0x00000000dd880000, 0x0000000100000000)
  eden space 83456K, 0% used [0x00000000d5d80000,0x00000000d5d80000,0x00000000daf00000)
  from space 11776K, 98% used [0x00000000dcd00000,0x00000000dd84ece8,0x00000000dd880000)
  to   space 13824K, 0% used [0x00000000dbd80000,0x00000000dbd80000,0x00000000dcb00000)
 ParOldGen       total 98816K, used 25914K [0x0000000081800000, 0x0000000087880000, 0x00000000d5d80000)
  object space 98816K, 26% used [0x0000000081800000,0x000000008314e8f0,0x0000000087880000)
 Metaspace       used 40553K, capacity 41338K, committed 41600K, reserved 1085440K
  class space    used 4941K, capacity 5203K, committed 5248K, reserved 1048576K
}
Event: 29.570 GC heap before
{Heap before GC invocations=19 (full 2):
 PSYoungGen      total 95232K, used 95035K [0x00000000d5d80000, 0x00000000dd880000, 0x0000000100000000)
  eden space 83456K, 100% used [0x00000000d5d80000,0x00000000daf00000,0x00000000daf00000)
  from space 11776K, 98% used [0x00000000dcd00000,0x00000000dd84ece8,0x00000000dd880000)
  to   space 13824K, 0% used [0x00000000dbd80000,0x00000000dbd80000,0x00000000dcb00000)
 ParOldGen       total 98816K, used 25914K [0x0000000081800000, 0x0000000087880000, 0x00000000d5d80000)
  object space 98816K, 26% used [0x0000000081800000,0x000000008314e8f0,0x0000000087880000)
 Metaspace       used 44747K, capacity 45572K, committed 46080K, reserved 1089536K
  class space    used 5582K, capacity 5830K, committed 5888K, reserved 1048576K
Event: 29.602 GC heap after
Heap after GC invocations=19 (full 2):
 PSYoungGen      total 109568K, used 13812K [0x00000000d5d80000, 0x00000000ddb00000, 0x0000000100000000)
  eden space 95744K, 0% used [0x00000000d5d80000,0x00000000d5d80000,0x00000000dbb00000)
  from space 13824K, 99% used [0x00000000dbd80000,0x00000000dcafd288,0x00000000dcb00000)
  to   space 16384K, 0% used [0x00000000dcb00000,0x00000000dcb00000,0x00000000ddb00000)
 ParOldGen       total 98816K, used 27587K [0x0000000081800000, 0x0000000087880000, 0x00000000d5d80000)
  object space 98816K, 27% used [0x0000000081800000,0x00000000832f0c90,0x0000000087880000)
 Metaspace       used 44747K, capacity 45572K, committed 46080K, reserved 1089536K
  class space    used 5582K, capacity 5830K, committed 5888K, reserved 1048576K
}

Deoptimization events (10 events):
Event: 29.005 Thread 0x000000001c2c7800 Uncommon trap: reason=unstable_if action=reinterpret pc=0x0000000003af434c method=java.util.concurrent.ConcurrentHashMap.get(Ljava/lang/Object;)Ljava/lang/Object; @ 76
Event: 29.005 Thread 0x000000001c2c7800 Uncommon trap: reason=class_check action=maybe_recompile pc=0x0000000003ea0004 method=java.util.concurrent.ConcurrentHashMap.putVal(Ljava/lang/Object;Ljava/lang/Object;Z)Ljava/lang/Object; @ 192
Event: 29.006 Thread 0x000000001c2c7800 Uncommon trap: reason=class_check action=maybe_recompile pc=0x0000000003ea0004 method=java.util.concurrent.ConcurrentHashMap.putVal(Ljava/lang/Object;Ljava/lang/Object;Z)Ljava/lang/Object; @ 192
Event: 29.006 Thread 0x000000001c2c7800 Uncommon trap: reason=class_check action=maybe_recompile pc=0x0000000003ea0004 method=java.util.concurrent.ConcurrentHashMap.putVal(Ljava/lang/Object;Ljava/lang/Object;Z)Ljava/lang/Object; @ 192
Event: 29.007 Thread 0x000000001c2c7800 Uncommon trap: reason=unstable_if action=reinterpret pc=0x00000000040f4a54 method=org.springframework.asm.Frame.merge(Lorg/springframework/asm/ClassWriter;I[II)Z @ 80
Event: 29.008 Thread 0x000000001c2c7800 Uncommon trap: reason=unstable_if action=reinterpret pc=0x00000000042693c0 method=org.springframework.asm.Type.getArgumentsAndReturnSizes(Ljava/lang/String;)I @ 47
Event: 29.008 Thread 0x000000001c2c7800 Uncommon trap: reason=unstable_if action=reinterpret pc=0x00000000042a5bf0 method=org.springframework.asm.Type.getArgumentsAndReturnSizes(Ljava/lang/String;)I @ 47
Event: 29.026 Thread 0x000000001c2c7800 Uncommon trap: reason=unstable_if action=reinterpret pc=0x0000000003ae1d30 method=org.springframework.asm.MethodWriter.visitMethodInsn(ILjava/lang/String;Ljava/lang/String;Ljava/lang/String;Z)V @ 37
Event: 29.403 Thread 0x000000001c2c7800 Uncommon trap: reason=unstable_if action=reinterpret pc=0x0000000004298874 method=org.springframework.beans.factory.support.AbstractBeanFactory.isTypeMatch(Ljava/lang/String;Lorg/springframework/core/ResolvableType;)Z @ 56
Event: 29.491 Thread 0x000000001c2c7800 Uncommon trap: reason=class_check action=maybe_recompile pc=0x00000000038d5b4c method=java.util.Collections$UnmodifiableMap.isEmpty()Z @ 4

Internal exceptions (10 events):
Event: 29.383 Thread 0x000000001c2c7800 Exception <a 'java/lang/ClassNotFoundException': java/lang/ObjectCustomizer> (0x00000000da41d8c8) thrown at [C:\re\workspace\8-2-build-windows-amd64-cygwin\jdk8u141\9370\hotspot\src\share\vm\classfile\systemDictionary.cpp, line 210]
Event: 29.384 Thread 0x000000001c2c7800 Exception <a 'java/lang/ClassNotFoundException': org/springframework/boot/autoconfigure/web/WebClientAutoConfiguration$RestTemplateConfigurationCustomizer> (0x00000000da441318) thrown at [C:\re\workspace\8-2-build-windows-amd64-cygwin\jdk8u141\9370\hotspo
Event: 29.385 Thread 0x000000001c2c7800 Exception <a 'java/lang/ClassNotFoundException': org/springframework/boot/autoconfigure/web/WebClientAutoConfiguration$RestTemplateConfiguration$$EnhancerBySpringCGLIB$$542338faCustomizer> (0x00000000da46ab70) thrown at [C:\re\workspace\8-2-build-windows-
Event: 29.385 Thread 0x000000001c2c7800 Exception <a 'java/lang/ClassNotFoundException': org/springframework/context/annotation/ConfigurationClassEnhancer$EnhancedConfigurationCustomizer> (0x00000000da4902b0) thrown at [C:\re\workspace\8-2-build-windows-amd64-cygwin\jdk8u141\9370\hotspot\src\sh
Event: 29.396 Thread 0x000000001c2c7800 Exception <a 'java/lang/ClassNotFoundException': org/springframework/boot/web/client/RestTemplateBuilderBeanInfo> (0x00000000da51df28) thrown at [C:\re\workspace\8-2-build-windows-amd64-cygwin\jdk8u141\9370\hotspot\src\share\vm\classfile\systemDictionary.
Event: 29.397 Thread 0x000000001c2c7800 Exception <a 'java/lang/ClassNotFoundException': org/springframework/boot/web/client/RestTemplateBuilderCustomizer> (0x00000000da534128) thrown at [C:\re\workspace\8-2-build-windows-amd64-cygwin\jdk8u141\9370\hotspot\src\share\vm\classfile\systemDictionar
Event: 29.400 Thread 0x000000001c2c7800 Exception <a 'java/lang/ClassNotFoundException': java/lang/ObjectCustomizer> (0x00000000da568148) thrown at [C:\re\workspace\8-2-build-windows-amd64-cygwin\jdk8u141\9370\hotspot\src\share\vm\classfile\systemDictionary.cpp, line 210]
Event: 29.401 Thread 0x000000001c2c7800 Exception <a 'java/lang/ClassNotFoundException': org/springframework/boot/autoconfigure/web/WebClientAutoConfigurationCustomizer> (0x00000000da585930) thrown at [C:\re\workspace\8-2-build-windows-amd64-cygwin\jdk8u141\9370\hotspot\src\share\vm\classfile\s
Event: 29.401 Thread 0x000000001c2c7800 Exception <a 'java/lang/ClassNotFoundException': org/springframework/boot/autoconfigure/web/WebClientAutoConfiguration$$EnhancerBySpringCGLIB$$5d92e696Customizer> (0x00000000da5a8a60) thrown at [C:\re\workspace\8-2-build-windows-amd64-cygwin\jdk8u141\9370
Event: 29.402 Thread 0x000000001c2c7800 Exception <a 'java/lang/ClassNotFoundException': org/springframework/context/annotation/ConfigurationClassEnhancer$EnhancedConfigurationCustomizer> (0x00000000da5cc6a8) thrown at [C:\re\workspace\8-2-build-windows-amd64-cygwin\jdk8u141\9370\hotspot\src\sh

Events (10 events):
Event: 29.558 Executing VM operation: RevokeBias
Event: 29.568 Executing VM operation: RevokeBias done
Event: 29.568 loading class org/apache/catalina/servlets/DefaultServlet
Event: 29.568 loading class org/apache/catalina/servlets/DefaultServlet done
Event: 29.568 loading class java/nio/channels/spi/AbstractSelector$1
Event: 29.568 loading class java/nio/channels/spi/AbstractSelector$1 done
Event: 29.568 Executing VM operation: Deoptimize
Event: 29.569 Executing VM operation: Deoptimize done
Event: 29.570 Executing VM operation: ParallelGCFailedAllocation
Event: 29.602 Executing VM operation: ParallelGCFailedAllocation done


Dynamic libraries:
0x00007ff6e9960000 - 0x00007ff6e9997000 	C:\ProgramData\Oracle\Java\javapath\java.exe
0x00007ff953420000 - 0x00007ff9535fb000 	C:\Windows\SYSTEM32\ntdll.dll
0x00007ff950cb0000 - 0x00007ff950d5e000 	C:\Windows\System32\KERNEL32.DLL
0x00007ff950530000 - 0x00007ff950779000 	C:\Windows\System32\KERNELBASE.dll
0x00007ff952d20000 - 0x00007ff952dc1000 	C:\Windows\System32\ADVAPI32.dll
0x00007ff950be0000 - 0x00007ff950c7d000 	C:\Windows\System32\msvcrt.dll
0x00007ff952dd0000 - 0x00007ff952e29000 	C:\Windows\System32\sechost.dll
0x00007ff9510e0000 - 0x00007ff951205000 	C:\Windows\System32\RPCRT4.dll
0x00007ff950980000 - 0x00007ff950aca000 	C:\Windows\System32\USER32.dll
0x00007ff950780000 - 0x00007ff95079e000 	C:\Windows\System32\win32u.dll
0x00007ff950c80000 - 0x00007ff950ca7000 	C:\Windows\System32\GDI32.dll
0x00007ff9507f0000 - 0x00007ff950978000 	C:\Windows\System32\gdi32full.dll
0x00007ff9503e0000 - 0x00007ff95047a000 	C:\Windows\System32\msvcp_win.dll
0x00007ff94f9a0000 - 0x00007ff94fa96000 	C:\Windows\System32\ucrtbase.dll
0x00007ff943a70000 - 0x00007ff943cd7000 	C:\Windows\WinSxS\amd64_microsoft.windows.common-controls_6595b64144ccf1df_6.0.15063.483_none_26002d27e7c744a2\COMCTL32.dll
0x00007ff9512e0000 - 0x00007ff9515d9000 	C:\Windows\System32\combase.dll
0x00007ff94faa0000 - 0x00007ff94fb0a000 	C:\Windows\System32\bcryptPrimitives.dll
0x00007ff9510b0000 - 0x00007ff9510dd000 	C:\Windows\System32\IMM32.DLL
0x0000000075be0000 - 0x0000000075cb2000 	C:\Program Files\Java\jre1.8.0_141\bin\msvcr100.dll
0x0000000075cc0000 - 0x000000007655d000 	C:\Program Files\Java\jre1.8.0_141\bin\server\jvm.dll
0x00007ff951850000 - 0x00007ff951858000 	C:\Windows\System32\PSAPI.DLL
0x00007ff94c840000 - 0x00007ff94c863000 	C:\Windows\SYSTEM32\WINMM.dll
0x00007ff946790000 - 0x00007ff94679a000 	C:\Windows\SYSTEM32\VERSION.dll
0x00007ff94ba30000 - 0x00007ff94ba39000 	C:\Windows\SYSTEM32\WSOCK32.dll
0x00007ff951270000 - 0x00007ff9512dc000 	C:\Windows\System32\WS2_32.dll
0x00007ff94c7e0000 - 0x00007ff94c80b000 	C:\Windows\SYSTEM32\winmmbase.dll
0x00007ff9507a0000 - 0x00007ff9507e9000 	C:\Windows\System32\cfgmgr32.dll
0x0000000050010000 - 0x000000005001f000 	C:\Program Files\Java\jre1.8.0_141\bin\verify.dll
0x0000000077d00000 - 0x0000000077d29000 	C:\Program Files\Java\jre1.8.0_141\bin\java.dll
0x0000000077ce0000 - 0x0000000077cf6000 	C:\Program Files\Java\jre1.8.0_141\bin\zip.dll
0x00007ff951860000 - 0x00007ff952c96000 	C:\Windows\System32\SHELL32.dll
0x00007ff953370000 - 0x00007ff95341a000 	C:\Windows\System32\shcore.dll
0x00007ff94fce0000 - 0x00007ff9503d3000 	C:\Windows\System32\windows.storage.dll
0x00007ff951210000 - 0x00007ff951261000 	C:\Windows\System32\shlwapi.dll
0x00007ff94f900000 - 0x00007ff94f911000 	C:\Windows\System32\kernel.appcore.dll
0x00007ff94f8b0000 - 0x00007ff94f8fc000 	C:\Windows\System32\powrprof.dll
0x00007ff94f890000 - 0x00007ff94f8a5000 	C:\Windows\System32\profapi.dll
0x00007ff94b7b0000 - 0x00007ff94b7ba000 	C:\Program Files\apache-maven-3.5.0\lib\jansi-native\windows64\jansi.dll
0x0000000077cc0000 - 0x0000000077cda000 	C:\Program Files\Java\jre1.8.0_141\bin\net.dll
0x00007ff94f1a0000 - 0x00007ff94f1fc000 	C:\Windows\system32\mswsock.dll
0x0000000077530000 - 0x0000000077541000 	C:\Program Files\Java\jre1.8.0_141\bin\nio.dll
0x0000000077cb0000 - 0x0000000077cbd000 	C:\Program Files\Java\jre1.8.0_141\bin\management.dll
0x00007ff94cb80000 - 0x00007ff94cb96000 	C:\Windows\system32\napinsp.dll
0x00007ff94c790000 - 0x00007ff94c7aa000 	C:\Windows\system32\pnrpnsp.dll
0x00007ff94caf0000 - 0x00007ff94cb08000 	C:\Windows\system32\NLAapi.dll
0x00007ff94ef80000 - 0x00007ff94f024000 	C:\Windows\SYSTEM32\DNSAPI.dll
0x00007ff951780000 - 0x00007ff951788000 	C:\Windows\System32\NSI.dll
0x00007ff94ef40000 - 0x00007ff94ef77000 	C:\Windows\SYSTEM32\IPHLPAPI.DLL
0x00007ff94b9f0000 - 0x00007ff94b9fe000 	C:\Windows\System32\winrnr.dll
0x00007ff92b640000 - 0x00007ff92b655000 	C:\Windows\System32\wshbth.dll
0x00007ff942a90000 - 0x00007ff942a9a000 	C:\Windows\System32\rasadhlp.dll
0x00007ff943360000 - 0x00007ff9433cb000 	C:\Windows\System32\fwpuclnt.dll
0x00007ff94f450000 - 0x00007ff94f475000 	C:\Windows\SYSTEM32\bcrypt.dll
0x00007ff94f340000 - 0x00007ff94f357000 	C:\Windows\SYSTEM32\CRYPTSP.dll
0x00007ff94edc0000 - 0x00007ff94edf4000 	C:\Windows\system32\rsaenh.dll
0x00007ff94f7c0000 - 0x00007ff94f7e9000 	C:\Windows\SYSTEM32\USERENV.dll
0x00007ff94f360000 - 0x00007ff94f36b000 	C:\Windows\SYSTEM32\CRYPTBASE.dll
0x00007ff949d60000 - 0x00007ff949d76000 	C:\Windows\SYSTEM32\dhcpcsvc6.DLL
0x00007ff949e10000 - 0x00007ff949e2a000 	C:\Windows\SYSTEM32\dhcpcsvc.DLL
0x0000000077500000 - 0x0000000077524000 	C:\Program Files\Java\jre1.8.0_141\bin\sunec.dll

VM Arguments:
jvm_args: -Dclassworlds.conf=C:\Program Files\apache-maven-3.5.0\bin\..\bin\m2.conf -Dmaven.home=C:\Program Files\apache-maven-3.5.0\bin\.. -Dmaven.multiModuleProjectDirectory=D:\my-java\my-money-webservice 
java_command: org.codehaus.plexus.classworlds.launcher.Launcher spring-boot:run
java_class_path (initial): C:\Program Files\apache-maven-3.5.0\bin\..\boot\plexus-classworlds-2.5.2.jar
Launcher Type: SUN_STANDARD

Environment Variables:
PATH=C:\Program Files\Dell\DW WLAN Card;;C:\ProgramData\Oracle\Java\javapath;C:\Windows\system32;C:\Windows;C:\Windows\System32\Wbem;C:\Windows\System32\WindowsPowerShell\v1.0\;C:\Program Files\Microsoft SQL Server\120\Tools\Binn\;C:\Program Files\Microsoft SQL Server\130\Tools\Binn\;C:\Program Files\MySQL\MySQL Utilities 1.6\;C:\Program Files\Microsoft SQL Server\Client SDK\ODBC\110\Tools\Binn\;C:\Program Files (x86)\Microsoft SQL Server\120\Tools\Binn\;C:\Program Files\Microsoft SQL Server\120\DTS\Binn\;C:\Program Files (x86)\Microsoft SQL Server\120\Tools\Binn\ManagementStudio\;C:\Program Files (x86)\Microsoft SQL Server\120\DTS\Binn\;C:\Program Files\nodejs\;C:\Program Files\MongoDB\Server\3.4\bin;C:\Program Files\apache-maven-3.5.0\bin;C:\Program Files\dotnet\;C:\Users\kunsubin\AppData\Local\Microsoft\WindowsApps;C:\Users\kunsubin\AppData\Roaming\npm;C:\Program Files\Heroku\bin;C:\Users\kunsubin\AppData\Local\GitHubDesktop\bin
USERNAME=kunsubin
OS=Windows_NT
PROCESSOR_IDENTIFIER=Intel64 Family 6 Model 69 Stepping 1, GenuineIntel



---------------  S Y S T E M  ---------------

OS: Windows 10.0 , 64 bit Build 15063 (10.0.15063.296)

CPU:total 4 (initial active 4) (2 cores per cpu, 2 threads per core) family 6 model 69 stepping 1, cmov, cx8, fxsr, mmx, sse, sse2, sse3, ssse3, sse4.1, sse4.2, popcnt, avx, avx2, aes, clmul, erms, lzcnt, ht, tsc, tscinvbit, bmi1, bmi2

Memory: 4k page, physical 8290124k(1124988k free), swap 9338700k(4532k free)

vm_info: Java HotSpot(TM) 64-Bit Server VM (25.141-b15) for windows-amd64 JRE (1.8.0_141-b15), built on Jul 12 2017 04:25:12 by "java_re" with MS VC++ 10.0 (VS2010)

time: Tue Sep 26 19:57:32 2017
elapsed time: 29 seconds (0d 0h 0m 29s)

