#
# There is insufficient memory for the Java Runtime Environment to continue.
# Native memory allocation (malloc) failed to allocate 65552 bytes for Chunk::new
# Possible reasons:
#   The system is out of physical RAM or swap space
#   In 32 bit mode, the process size limit was hit
# Possible solutions:
#   Reduce memory load on the system
#   Increase physical memory or swap space
#   Check if swap backing store is full
#   Use 64 bit Java on a 64 bit OS
#   Decrease Java heap size (-Xmx/-Xms)
#   Decrease number of Java threads
#   Decrease Java thread stack sizes (-Xss)
#   Set larger code cache with -XX:ReservedCodeCacheSize=
# This output file may be truncated or incomplete.
#
#  Out of Memory Error (allocation.cpp:390), pid=9756, tid=0x00000000000009e8
#
# JRE version: Java(TM) SE Runtime Environment (8.0_141-b15) (build 1.8.0_141-b15)
# Java VM: Java HotSpot(TM) 64-Bit Server VM (25.141-b15 mixed mode windows-amd64 compressed oops)
# Failed to write core dump. Minidumps are not enabled by default on client versions of Windows
#

---------------  T H R E A D  ---------------

Current thread (0x0000000017301800):  JavaThread "C2 CompilerThread1" daemon [_thread_in_native, id=2536, stack(0x0000000018a50000,0x0000000018b50000)]

Stack: [0x0000000018a50000,0x0000000018b50000]
[error occurred during error reporting (printing stack bounds), id 0xc0000005]

Native frames: (J=compiled Java code, j=interpreted, Vv=VM code, C=native code)


Current CompileTask:
C2:  26180 5836       4       java.lang.ClassLoader::checkPackageAccess (122 bytes)


---------------  P R O C E S S  ---------------

Java Threads: ( => current thread )
  0x000000001a94d000 JavaThread "container-0" [_thread_blocked, id=3612, stack(0x000000001fcc0000,0x000000001fdc0000)]
  0x000000001b1c7000 JavaThread "ContainerBackgroundProcessor[StandardEngine[Tomcat]]" daemon [_thread_blocked, id=6860, stack(0x000000001fbc0000,0x000000001fcc0000)]
  0x000000001968b800 JavaThread "localhost-startStop-1" daemon [_thread_blocked, id=1416, stack(0x000000001f8c0000,0x000000001f9c0000)]
  0x000000001bd0d000 JavaThread "Tomcat-startStop-1" daemon [_thread_blocked, id=4344, stack(0x000000001f7c0000,0x000000001f8c0000)]
  0x000000001a5c5000 JavaThread "main" [_thread_in_vm, id=7320, stack(0x000000001d3c0000,0x000000001d4c0000)]
  0x000000001735e000 JavaThread "Service Thread" daemon [_thread_blocked, id=2364, stack(0x0000000019050000,0x0000000019150000)]
  0x0000000017305000 JavaThread "C1 CompilerThread2" daemon [_thread_blocked, id=1772, stack(0x0000000018b50000,0x0000000018c50000)]
=>0x0000000017301800 JavaThread "C2 CompilerThread1" daemon [_thread_in_native, id=2536, stack(0x0000000018a50000,0x0000000018b50000)]
  0x00000000172ff800 JavaThread "C2 CompilerThread0" daemon [_thread_in_native, id=7084, stack(0x0000000018950000,0x0000000018a50000)]
  0x00000000172fe000 JavaThread "Attach Listener" daemon [_thread_blocked, id=7552, stack(0x0000000018850000,0x0000000018950000)]
  0x00000000172fa000 JavaThread "Signal Dispatcher" daemon [_thread_blocked, id=6668, stack(0x0000000018750000,0x0000000018850000)]
  0x00000000172ea000 JavaThread "Finalizer" daemon [_thread_blocked, id=11232, stack(0x0000000018560000,0x0000000018660000)]
  0x000000000279f800 JavaThread "Reference Handler" daemon [_thread_blocked, id=9376, stack(0x0000000018460000,0x0000000018560000)]
  0x00000000024de000 JavaThread "main" [_thread_blocked, id=9764, stack(0x00000000025b0000,0x00000000026b0000)]

Other Threads:
  0x00000000172c8000 VMThread [stack: 0x0000000018360000,0x0000000018460000] [id=5896]
  0x0000000018cc0800 WatcherThread [stack: 0x0000000019150000,0x0000000019250000] [id=9688]

VM state:not at safepoint (normal execution)

VM Mutex/Monitor currently owned by a thread: None

Heap:
 PSYoungGen      total 80896K, used 69632K [0x00000000d5d80000, 0x00000000db880000, 0x0000000100000000)
  eden space 69632K, 100% used [0x00000000d5d80000,0x00000000da180000,0x00000000da180000)
  from space 11264K, 0% used [0x00000000dad80000,0x00000000dad80000,0x00000000db880000)
  to   space 11776K, 0% used [0x00000000da180000,0x00000000da180000,0x00000000dad00000)
 ParOldGen       total 110080K, used 27761K [0x0000000081800000, 0x0000000088380000, 0x00000000d5d80000)
  object space 110080K, 25% used [0x0000000081800000,0x000000008331c5c0,0x0000000088380000)
 Metaspace       used 40562K, capacity 41338K, committed 41600K, reserved 1085440K
  class space    used 4948K, capacity 5203K, committed 5248K, reserved 1048576K

Card table byte_map: [0x0000000011b70000,0x0000000011f70000] byte_map_base: 0x0000000011764000

Marking Bits: (ParMarkBitMap*) 0x00000000764dd850
 Begin Bits: [0x0000000012620000, 0x00000000145c0000)
 End Bits:   [0x00000000145c0000, 0x0000000016560000)

Polling page: 0x0000000000880000

CodeCache: size=245760Kb used=17634Kb max_used=17640Kb free=228126Kb
 bounds [0x00000000027b0000, 0x0000000003900000, 0x00000000117b0000]
 total_blobs=5387 nmethods=4944 adapters=355
 compilation: enabled

Compilation events (10 events):
Event: 26.145 Thread 0x0000000017301800 5835       4       java.util.Arrays::hashCode (44 bytes)
Event: 26.146 Thread 0x0000000017305000 nmethod 5832 0x00000000038f3910 code [0x00000000038f3e60, 0x00000000038f77d8]
Event: 26.146 Thread 0x0000000017305000 5833       3       sun.security.util.Cache$EqualByteArray::<init> (10 bytes)
Event: 26.146 Thread 0x0000000017305000 nmethod 5833 0x00000000038f3150 code [0x00000000038f32a0, 0x00000000038f3470]
Event: 26.146 Thread 0x0000000017305000 5834       3       sun.security.util.MemoryCache::emptyQueue (93 bytes)
Event: 26.147 Thread 0x0000000017305000 nmethod 5834 0x00000000038f2050 code [0x00000000038f2240, 0x00000000038f2d78]
Event: 26.148 Thread 0x0000000017301800 nmethod 5835 0x00000000038f0750 code [0x00000000038f0880, 0x00000000038f09d8]
Event: 26.156 Thread 0x0000000017301800 5836       4       java.lang.ClassLoader::checkPackageAccess (122 bytes)
Event: 26.171 Thread 0x0000000017305000 5839       3       java.util.jar.JarFile::maybeInstantiateVerifier (96 bytes)
Event: 26.172 Thread 0x0000000017305000 nmethod 5839 0x00000000038f0b50 code [0x00000000038f0d80, 0x00000000038f1a28]

GC Heap History (10 events):
Event: 20.767 GC heap before
{Heap before GC invocations=12 (full 1):
 PSYoungGen      total 50688K, used 464K [0x00000000d5d80000, 0x00000000da580000, 0x0000000100000000)
  eden space 50176K, 0% used [0x00000000d5d80000,0x00000000d5d80000,0x00000000d8e80000)
  from space 512K, 90% used [0x00000000d9080000,0x00000000d90f40f0,0x00000000d9100000)
  to   space 11776K, 0% used [0x00000000d9a00000,0x00000000d9a00000,0x00000000da580000)
 ParOldGen       total 87552K, used 26087K [0x0000000081800000, 0x0000000086d80000, 0x00000000d5d80000)
  object space 87552K, 29% used [0x0000000081800000,0x0000000083179fc0,0x0000000086d80000)
 Metaspace       used 20602K, capacity 21172K, committed 21296K, reserved 1069056K
  class space    used 2489K, capacity 2664K, committed 2688K, reserved 1048576K
Event: 20.904 GC heap after
Heap after GC invocations=12 (full 1):
 PSYoungGen      total 50688K, used 0K [0x00000000d5d80000, 0x00000000da580000, 0x0000000100000000)
  eden space 50176K, 0% used [0x00000000d5d80000,0x00000000d5d80000,0x00000000d8e80000)
  from space 512K, 0% used [0x00000000d9080000,0x00000000d9080000,0x00000000d9100000)
  to   space 11776K, 0% used [0x00000000d9a00000,0x00000000d9a00000,0x00000000da580000)
 ParOldGen       total 68608K, used 20179K [0x0000000081800000, 0x0000000085b00000, 0x00000000d5d80000)
  object space 68608K, 29% used [0x0000000081800000,0x0000000082bb4ec8,0x0000000085b00000)
 Metaspace       used 20602K, capacity 21172K, committed 21296K, reserved 1069056K
  class space    used 2489K, capacity 2664K, committed 2688K, reserved 1048576K
}
Event: 21.862 GC heap before
{Heap before GC invocations=13 (full 1):
 PSYoungGen      total 50688K, used 50176K [0x00000000d5d80000, 0x00000000da580000, 0x0000000100000000)
  eden space 50176K, 100% used [0x00000000d5d80000,0x00000000d8e80000,0x00000000d8e80000)
  from space 512K, 0% used [0x00000000d9080000,0x00000000d9080000,0x00000000d9100000)
  to   space 11776K, 0% used [0x00000000d9a00000,0x00000000d9a00000,0x00000000da580000)
 ParOldGen       total 68608K, used 20179K [0x0000000081800000, 0x0000000085b00000, 0x00000000d5d80000)
  object space 68608K, 29% used [0x0000000081800000,0x0000000082bb4ec8,0x0000000085b00000)
 Metaspace       used 29727K, capacity 30394K, committed 30720K, reserved 1077248K
  class space    used 3582K, capacity 3796K, committed 3840K, reserved 1048576K
Event: 21.869 GC heap after
Heap after GC invocations=13 (full 1):
 PSYoungGen      total 61952K, used 8277K [0x00000000d5d80000, 0x00000000db980000, 0x0000000100000000)
  eden space 50176K, 0% used [0x00000000d5d80000,0x00000000d5d80000,0x00000000d8e80000)
  from space 11776K, 70% used [0x00000000d9a00000,0x00000000da2155c8,0x00000000da580000)
  to   space 11776K, 0% used [0x00000000d8e80000,0x00000000d8e80000,0x00000000d9a00000)
 ParOldGen       total 68608K, used 20251K [0x0000000081800000, 0x0000000085b00000, 0x00000000d5d80000)
  object space 68608K, 29% used [0x0000000081800000,0x0000000082bc6ed8,0x0000000085b00000)
 Metaspace       used 29727K, capacity 30394K, committed 30720K, reserved 1077248K
  class space    used 3582K, capacity 3796K, committed 3840K, reserved 1048576K
}
Event: 22.946 GC heap before
{Heap before GC invocations=14 (full 1):
 PSYoungGen      total 61952K, used 58453K [0x00000000d5d80000, 0x00000000db980000, 0x0000000100000000)
  eden space 50176K, 100% used [0x00000000d5d80000,0x00000000d8e80000,0x00000000d8e80000)
  from space 11776K, 70% used [0x00000000d9a00000,0x00000000da2155c8,0x00000000da580000)
  to   space 11776K, 0% used [0x00000000d8e80000,0x00000000d8e80000,0x00000000d9a00000)
 ParOldGen       total 68608K, used 20251K [0x0000000081800000, 0x0000000085b00000, 0x00000000d5d80000)
  object space 68608K, 29% used [0x0000000081800000,0x0000000082bc6ed8,0x0000000085b00000)
 Metaspace       used 31563K, capacity 32324K, committed 32512K, reserved 1077248K
  class space    used 3817K, capacity 4027K, committed 4096K, reserved 1048576K
Event: 22.955 GC heap after
Heap after GC invocations=14 (full 1):
 PSYoungGen      total 61952K, used 4452K [0x00000000d5d80000, 0x00000000db900000, 0x0000000100000000)
  eden space 50176K, 0% used [0x00000000d5d80000,0x00000000d5d80000,0x00000000d8e80000)
  from space 11776K, 37% used [0x00000000d8e80000,0x00000000d92d9080,0x00000000d9a00000)
  to   space 11776K, 0% used [0x00000000dad80000,0x00000000dad80000,0x00000000db900000)
 ParOldGen       total 68608K, used 22817K [0x0000000081800000, 0x0000000085b00000, 0x00000000d5d80000)
  object space 68608K, 33% used [0x0000000081800000,0x0000000082e487f0,0x0000000085b00000)
 Metaspace       used 31563K, capacity 32324K, committed 32512K, reserved 1077248K
  class space    used 3817K, capacity 4027K, committed 4096K, reserved 1048576K
}
Event: 23.918 GC heap before
{Heap before GC invocations=15 (full 1):
 PSYoungGen      total 61952K, used 52751K [0x00000000d5d80000, 0x00000000db900000, 0x0000000100000000)
  eden space 50176K, 96% used [0x00000000d5d80000,0x00000000d8caaec8,0x00000000d8e80000)
  from space 11776K, 37% used [0x00000000d8e80000,0x00000000d92d9080,0x00000000d9a00000)
  to   space 11776K, 0% used [0x00000000dad80000,0x00000000dad80000,0x00000000db900000)
 ParOldGen       total 68608K, used 22817K [0x0000000081800000, 0x0000000085b00000, 0x00000000d5d80000)
  object space 68608K, 33% used [0x0000000081800000,0x0000000082e487f0,0x0000000085b00000)
 Metaspace       used 34501K, capacity 35196K, committed 35456K, reserved 1081344K
  class space    used 4192K, capacity 4383K, committed 4480K, reserved 1048576K
Event: 23.926 GC heap after
Heap after GC invocations=15 (full 1):
 PSYoungGen      total 80896K, used 4133K [0x00000000d5d80000, 0x00000000db880000, 0x0000000100000000)
  eden space 69632K, 0% used [0x00000000d5d80000,0x00000000d5d80000,0x00000000da180000)
  from space 11264K, 36% used [0x00000000dad80000,0x00000000db189768,0x00000000db880000)
  to   space 11776K, 0% used [0x00000000da180000,0x00000000da180000,0x00000000dad00000)
 ParOldGen       total 68608K, used 24472K [0x0000000081800000, 0x0000000085b00000, 0x00000000d5d80000)
  object space 68608K, 35% used [0x0000000081800000,0x0000000082fe63c8,0x0000000085b00000)
 Metaspace       used 34501K, capacity 35196K, committed 35456K, reserved 1081344K
  class space    used 4192K, capacity 4383K, committed 4480K, reserved 1048576K
}
Event: 23.926 GC heap before
{Heap before GC invocations=16 (full 2):
 PSYoungGen      total 80896K, used 4133K [0x00000000d5d80000, 0x00000000db880000, 0x0000000100000000)
  eden space 69632K, 0% used [0x00000000d5d80000,0x00000000d5d80000,0x00000000da180000)
  from space 11264K, 36% used [0x00000000dad80000,0x00000000db189768,0x00000000db880000)
  to   space 11776K, 0% used [0x00000000da180000,0x00000000da180000,0x00000000dad00000)
 ParOldGen       total 68608K, used 24472K [0x0000000081800000, 0x0000000085b00000, 0x00000000d5d80000)
  object space 68608K, 35% used [0x0000000081800000,0x0000000082fe63c8,0x0000000085b00000)
 Metaspace       used 34501K, capacity 35196K, committed 35456K, reserved 1081344K
  class space    used 4192K, capacity 4383K, committed 4480K, reserved 1048576K
Event: 24.187 GC heap after
Heap after GC invocations=16 (full 2):
 PSYoungGen      total 80896K, used 0K [0x00000000d5d80000, 0x00000000db880000, 0x0000000100000000)
  eden space 69632K, 0% used [0x00000000d5d80000,0x00000000d5d80000,0x00000000da180000)
  from space 11264K, 0% used [0x00000000dad80000,0x00000000dad80000,0x00000000db880000)
  to   space 11776K, 0% used [0x00000000da180000,0x00000000da180000,0x00000000dad00000)
 ParOldGen       total 110080K, used 27761K [0x0000000081800000, 0x0000000088380000, 0x00000000d5d80000)
  object space 110080K, 25% used [0x0000000081800000,0x000000008331c5c0,0x0000000088380000)
 Metaspace       used 34501K, capacity 35196K, committed 35456K, reserved 1081344K
  class space    used 4192K, capacity 4383K, committed 4480K, reserved 1048576K
}

Deoptimization events (10 events):
Event: 25.880 Thread 0x000000001a5c5000 Uncommon trap: reason=unstable_if action=reinterpret pc=0x00000000033f04d4 method=java.util.jar.JarFile.maybeInstantiateVerifier()V @ 75
Event: 25.984 Thread 0x000000001a5c5000 Uncommon trap: reason=unstable_if action=reinterpret pc=0x0000000002c0a0bc method=java.math.MutableBigInteger.getMagnitudeArray()[I @ 16
Event: 26.024 Thread 0x000000001a5c5000 Uncommon trap: reason=class_check action=maybe_recompile pc=0x000000000385ef88 method=java.net.URL.getURLStreamHandler(Ljava/lang/String;)Ljava/net/URLStreamHandler; @ 214
Event: 26.024 Thread 0x000000001a5c5000 Uncommon trap: reason=unstable_if action=reinterpret pc=0x0000000003394ae0 method=java.net.URLStreamHandler.parseURL(Ljava/net/URL;Ljava/lang/String;II)V @ 155
Event: 26.033 Thread 0x000000001a5c5000 Uncommon trap: reason=class_check action=maybe_recompile pc=0x000000000385ef88 method=java.net.URL.getURLStreamHandler(Ljava/lang/String;)Ljava/net/URLStreamHandler; @ 214
Event: 26.061 Thread 0x000000001a5c5000 Uncommon trap: reason=unstable_if action=reinterpret pc=0x000000000299c380 method=java.util.Properties.load0(Ljava/util/Properties$LineReader;)V @ 33
Event: 26.061 Thread 0x000000001a5c5000 Uncommon trap: reason=unstable_if action=reinterpret pc=0x0000000003609d04 method=java.util.Properties.load0(Ljava/util/Properties$LineReader;)V @ 33
Event: 26.085 Thread 0x000000001a5c5000 Uncommon trap: reason=unstable_if action=reinterpret pc=0x00000000033edaac method=java.net.URI.match(CJJ)Z @ 45
Event: 26.088 Thread 0x000000001a5c5000 Uncommon trap: reason=unstable_if action=reinterpret pc=0x00000000028d90a0 method=java.net.URI.match(CJJ)Z @ 45
Event: 26.148 Thread 0x000000001a5c5000 Uncommon trap: reason=class_check action=maybe_recompile pc=0x000000000296f054 method=java.util.AbstractList$Itr.hasNext()Z @ 8

Internal exceptions (10 events):
Event: 25.749 Thread 0x000000001a5c5000 Exception <a 'java/lang/ClassNotFoundException': java/lang/ObjectCustomizer> (0x00000000d946b680) thrown at [C:\re\workspace\8-2-build-windows-amd64-cygwin\jdk8u141\9370\hotspot\src\share\vm\classfile\systemDictionary.cpp, line 210]
Event: 25.750 Thread 0x000000001a5c5000 Exception <a 'java/lang/ClassNotFoundException': org/springframework/boot/autoconfigure/mongo/MongoPropertiesCustomizer> (0x00000000d94884a0) thrown at [C:\re\workspace\8-2-build-windows-amd64-cygwin\jdk8u141\9370\hotspot\src\share\vm\classfile\systemDict
Event: 25.764 Thread 0x000000001a5c5000 Exception <a 'java/lang/ClassNotFoundException': java/lang/ObjectCustomizer> (0x00000000d957d700) thrown at [C:\re\workspace\8-2-build-windows-amd64-cygwin\jdk8u141\9370\hotspot\src\share\vm\classfile\systemDictionary.cpp, line 210]
Event: 25.765 Thread 0x000000001a5c5000 Exception <a 'java/lang/ClassNotFoundException': org/springframework/boot/autoconfigure/data/mongo/MongoDataAutoConfigurationCustomizer> (0x00000000d959e320) thrown at [C:\re\workspace\8-2-build-windows-amd64-cygwin\jdk8u141\9370\hotspot\src\share\vm\clas
Event: 25.766 Thread 0x000000001a5c5000 Exception <a 'java/lang/ClassNotFoundException': org/springframework/boot/autoconfigure/data/mongo/MongoDataAutoConfiguration$$EnhancerBySpringCGLIB$$1364eb3dCustomizer> (0x00000000d95c9848) thrown at [C:\re\workspace\8-2-build-windows-amd64-cygwin\jdk8u1
Event: 25.766 Thread 0x000000001a5c5000 Exception <a 'java/lang/ClassNotFoundException': org/springframework/context/annotation/ConfigurationClassEnhancer$EnhancedConfigurationCustomizer> (0x00000000d95f9818) thrown at [C:\re\workspace\8-2-build-windows-amd64-cygwin\jdk8u141\9370\hotspot\src\sh
Event: 25.770 Thread 0x000000001a5c5000 Exception <a 'java/lang/ClassNotFoundException': java/lang/ObjectCustomizer> (0x00000000d9636c90) thrown at [C:\re\workspace\8-2-build-windows-amd64-cygwin\jdk8u141\9370\hotspot\src\share\vm\classfile\systemDictionary.cpp, line 210]
Event: 25.770 Thread 0x000000001a5c5000 Exception <a 'java/lang/ClassNotFoundException': org/springframework/boot/autoconfigure/mongo/MongoAutoConfigurationCustomizer> (0x00000000d96566f0) thrown at [C:\re\workspace\8-2-build-windows-amd64-cygwin\jdk8u141\9370\hotspot\src\share\vm\classfile\sys
Event: 25.771 Thread 0x000000001a5c5000 Exception <a 'java/lang/ClassNotFoundException': org/springframework/boot/autoconfigure/mongo/MongoAutoConfiguration$$EnhancerBySpringCGLIB$$e4a6685bCustomizer> (0x00000000d967c360) thrown at [C:\re\workspace\8-2-build-windows-amd64-cygwin\jdk8u141\9370\h
Event: 25.771 Thread 0x000000001a5c5000 Exception <a 'java/lang/ClassNotFoundException': org/springframework/context/annotation/ConfigurationClassEnhancer$EnhancedConfigurationCustomizer> (0x00000000d96a39c0) thrown at [C:\re\workspace\8-2-build-windows-amd64-cygwin\jdk8u141\9370\hotspot\src\sh

Events (10 events):
Event: 26.170 loading class com/mongodb/Function
Event: 26.170 loading class com/mongodb/Function done
Event: 26.170 loading class com/mongodb/binding/ReadWriteBinding
Event: 26.171 loading class com/mongodb/binding/ReadWriteBinding done
Event: 26.171 loading class com/mongodb/binding/ReadBinding
Event: 26.171 loading class com/mongodb/binding/ReadBinding done
Event: 26.173 loading class com/mongodb/binding/ReferenceCounted
Event: 26.173 loading class com/mongodb/binding/ReferenceCounted done
Event: 26.173 loading class com/mongodb/binding/WriteBinding
Event: 26.173 loading class com/mongodb/binding/WriteBinding done


Dynamic libraries:
0x00007ff6e9960000 - 0x00007ff6e9997000 	C:\ProgramData\Oracle\Java\javapath\java.exe
0x00007ff953420000 - 0x00007ff9535fb000 	C:\Windows\SYSTEM32\ntdll.dll
0x00007ff950cb0000 - 0x00007ff950d5e000 	C:\Windows\System32\KERNEL32.DLL
0x00007ff950530000 - 0x00007ff950779000 	C:\Windows\System32\KERNELBASE.dll
0x00007ff952d20000 - 0x00007ff952dc1000 	C:\Windows\System32\ADVAPI32.dll
0x00007ff950be0000 - 0x00007ff950c7d000 	C:\Windows\System32\msvcrt.dll
0x00007ff952dd0000 - 0x00007ff952e29000 	C:\Windows\System32\sechost.dll
0x00007ff9510e0000 - 0x00007ff951205000 	C:\Windows\System32\RPCRT4.dll
0x00007ff950980000 - 0x00007ff950aca000 	C:\Windows\System32\USER32.dll
0x00007ff950780000 - 0x00007ff95079e000 	C:\Windows\System32\win32u.dll
0x00007ff950c80000 - 0x00007ff950ca7000 	C:\Windows\System32\GDI32.dll
0x00007ff9507f0000 - 0x00007ff950978000 	C:\Windows\System32\gdi32full.dll
0x00007ff9503e0000 - 0x00007ff95047a000 	C:\Windows\System32\msvcp_win.dll
0x00007ff94f9a0000 - 0x00007ff94fa96000 	C:\Windows\System32\ucrtbase.dll
0x00007ff943a70000 - 0x00007ff943cd7000 	C:\Windows\WinSxS\amd64_microsoft.windows.common-controls_6595b64144ccf1df_6.0.15063.483_none_26002d27e7c744a2\COMCTL32.dll
0x00007ff9512e0000 - 0x00007ff9515d9000 	C:\Windows\System32\combase.dll
0x00007ff94faa0000 - 0x00007ff94fb0a000 	C:\Windows\System32\bcryptPrimitives.dll
0x00007ff9510b0000 - 0x00007ff9510dd000 	C:\Windows\System32\IMM32.DLL
0x0000000075be0000 - 0x0000000075cb2000 	C:\Program Files\Java\jre1.8.0_141\bin\msvcr100.dll
0x0000000075cc0000 - 0x000000007655d000 	C:\Program Files\Java\jre1.8.0_141\bin\server\jvm.dll
0x00007ff951850000 - 0x00007ff951858000 	C:\Windows\System32\PSAPI.DLL
0x00007ff94c840000 - 0x00007ff94c863000 	C:\Windows\SYSTEM32\WINMM.dll
0x00007ff946790000 - 0x00007ff94679a000 	C:\Windows\SYSTEM32\VERSION.dll
0x00007ff94ba30000 - 0x00007ff94ba39000 	C:\Windows\SYSTEM32\WSOCK32.dll
0x00007ff951270000 - 0x00007ff9512dc000 	C:\Windows\System32\WS2_32.dll
0x00007ff94c7e0000 - 0x00007ff94c80b000 	C:\Windows\SYSTEM32\WINMMBASE.dll
0x00007ff9507a0000 - 0x00007ff9507e9000 	C:\Windows\System32\cfgmgr32.dll
0x0000000050010000 - 0x000000005001f000 	C:\Program Files\Java\jre1.8.0_141\bin\verify.dll
0x0000000077d00000 - 0x0000000077d29000 	C:\Program Files\Java\jre1.8.0_141\bin\java.dll
0x0000000077ce0000 - 0x0000000077cf6000 	C:\Program Files\Java\jre1.8.0_141\bin\zip.dll
0x00007ff951860000 - 0x00007ff952c96000 	C:\Windows\System32\SHELL32.dll
0x00007ff953370000 - 0x00007ff95341a000 	C:\Windows\System32\shcore.dll
0x00007ff94fce0000 - 0x00007ff9503d3000 	C:\Windows\System32\windows.storage.dll
0x00007ff951210000 - 0x00007ff951261000 	C:\Windows\System32\shlwapi.dll
0x00007ff94f900000 - 0x00007ff94f911000 	C:\Windows\System32\kernel.appcore.dll
0x00007ff94f8b0000 - 0x00007ff94f8fc000 	C:\Windows\System32\powrprof.dll
0x00007ff94f890000 - 0x00007ff94f8a5000 	C:\Windows\System32\profapi.dll
0x00007ff948430000 - 0x00007ff94843a000 	C:\Program Files\apache-maven-3.5.0\lib\jansi-native\windows64\jansi.dll
0x0000000077cc0000 - 0x0000000077cda000 	C:\Program Files\Java\jre1.8.0_141\bin\net.dll
0x00007ff94f1a0000 - 0x00007ff94f1fc000 	C:\Windows\system32\mswsock.dll
0x0000000077530000 - 0x0000000077541000 	C:\Program Files\Java\jre1.8.0_141\bin\nio.dll
0x0000000077cb0000 - 0x0000000077cbd000 	C:\Program Files\Java\jre1.8.0_141\bin\management.dll
0x00007ff94cb80000 - 0x00007ff94cb96000 	C:\Windows\system32\napinsp.dll
0x00007ff94c790000 - 0x00007ff94c7aa000 	C:\Windows\system32\pnrpnsp.dll
0x00007ff94caf0000 - 0x00007ff94cb08000 	C:\Windows\system32\NLAapi.dll
0x00007ff94ef80000 - 0x00007ff94f024000 	C:\Windows\SYSTEM32\DNSAPI.dll
0x00007ff951780000 - 0x00007ff951788000 	C:\Windows\System32\NSI.dll
0x00007ff94ef40000 - 0x00007ff94ef77000 	C:\Windows\SYSTEM32\IPHLPAPI.DLL
0x00007ff94b9f0000 - 0x00007ff94b9fe000 	C:\Windows\System32\winrnr.dll
0x00007ff92b640000 - 0x00007ff92b655000 	C:\Windows\System32\wshbth.dll
0x00007ff942a90000 - 0x00007ff942a9a000 	C:\Windows\System32\rasadhlp.dll
0x00007ff943360000 - 0x00007ff9433cb000 	C:\Windows\System32\fwpuclnt.dll
0x00007ff94f450000 - 0x00007ff94f475000 	C:\Windows\SYSTEM32\bcrypt.dll
0x00007ff94f340000 - 0x00007ff94f357000 	C:\Windows\SYSTEM32\CRYPTSP.dll
0x00007ff94edc0000 - 0x00007ff94edf4000 	C:\Windows\system32\rsaenh.dll
0x00007ff94f7c0000 - 0x00007ff94f7e9000 	C:\Windows\SYSTEM32\USERENV.dll
0x00007ff94f360000 - 0x00007ff94f36b000 	C:\Windows\SYSTEM32\CRYPTBASE.dll
0x00007ff949d60000 - 0x00007ff949d76000 	C:\Windows\SYSTEM32\dhcpcsvc6.DLL
0x00007ff949e10000 - 0x00007ff949e2a000 	C:\Windows\SYSTEM32\dhcpcsvc.DLL
0x0000000077500000 - 0x0000000077524000 	C:\Program Files\Java\jre1.8.0_141\bin\sunec.dll

VM Arguments:
jvm_args: -Dclassworlds.conf=C:\Program Files\apache-maven-3.5.0\bin\..\bin\m2.conf -Dmaven.home=C:\Program Files\apache-maven-3.5.0\bin\.. -Dmaven.multiModuleProjectDirectory=D:\my-java\my-money-webservice 
java_command: org.codehaus.plexus.classworlds.launcher.Launcher spring-boot:run
java_class_path (initial): C:\Program Files\apache-maven-3.5.0\bin\..\boot\plexus-classworlds-2.5.2.jar
Launcher Type: SUN_STANDARD

Environment Variables:
PATH=C:\Program Files\Dell\DW WLAN Card;;C:\ProgramData\Oracle\Java\javapath;C:\Windows\system32;C:\Windows;C:\Windows\System32\Wbem;C:\Windows\System32\WindowsPowerShell\v1.0\;C:\Program Files\Microsoft SQL Server\120\Tools\Binn\;C:\Program Files\Microsoft SQL Server\130\Tools\Binn\;C:\Program Files\MySQL\MySQL Utilities 1.6\;C:\Program Files\Microsoft SQL Server\Client SDK\ODBC\110\Tools\Binn\;C:\Program Files (x86)\Microsoft SQL Server\120\Tools\Binn\;C:\Program Files\Microsoft SQL Server\120\DTS\Binn\;C:\Program Files (x86)\Microsoft SQL Server\120\Tools\Binn\ManagementStudio\;C:\Program Files (x86)\Microsoft SQL Server\120\DTS\Binn\;C:\Program Files\nodejs\;C:\Program Files\MongoDB\Server\3.4\bin;C:\Program Files\apache-maven-3.5.0\bin;C:\Program Files\dotnet\;C:\Users\kunsubin\AppData\Local\Microsoft\WindowsApps;C:\Users\kunsubin\AppData\Roaming\npm;C:\Program Files\Heroku\bin;C:\Users\kunsubin\AppData\Local\GitHubDesktop\bin
USERNAME=kunsubin
OS=Windows_NT
PROCESSOR_IDENTIFIER=Intel64 Family 6 Model 69 Stepping 1, GenuineIntel



---------------  S Y S T E M  ---------------

OS: Windows 10.0 , 64 bit Build 15063 (10.0.15063.296)

CPU:total 4 (initial active 4) (2 cores per cpu, 2 threads per core) family 6 model 69 stepping 1, cmov, cx8, fxsr, mmx, sse, sse2, sse3, ssse3, sse4.1, sse4.2, popcnt, avx, avx2, aes, clmul, erms, lzcnt, ht, tsc, tscinvbit, bmi1, bmi2

Memory: 4k page, physical 8290124k(1161836k free), swap 9338700k(4080k free)

vm_info: Java HotSpot(TM) 64-Bit Server VM (25.141-b15) for windows-amd64 JRE (1.8.0_141-b15), built on Jul 12 2017 04:25:12 by "java_re" with MS VC++ 10.0 (VS2010)

time: Tue Sep 26 19:58:27 2017
elapsed time: 26 seconds (0d 0h 0m 26s)

