#
# There is insufficient memory for the Java Runtime Environment to continue.
# Native memory allocation (malloc) failed to allocate 1211616 bytes for Chunk::new
# Possible reasons:
#   The system is out of physical RAM or swap space
#   In 32 bit mode, the process size limit was hit
# Possible solutions:
#   Reduce memory load on the system
#   Increase physical memory or swap space
#   Check if swap backing store is full
#   Use 64 bit Java on a 64 bit OS
#   Decrease Java heap size (-Xmx/-Xms)
#   Decrease number of Java threads
#   Decrease Java thread stack sizes (-Xss)
#   Set larger code cache with -XX:ReservedCodeCacheSize=
# This output file may be truncated or incomplete.
#
#  Out of Memory Error (allocation.cpp:390), pid=3056, tid=0x0000000000000438
#
# JRE version: Java(TM) SE Runtime Environment (8.0_141-b15) (build 1.8.0_141-b15)
# Java VM: Java HotSpot(TM) 64-Bit Server VM (25.141-b15 mixed mode windows-amd64 compressed oops)
# Failed to write core dump. Minidumps are not enabled by default on client versions of Windows
#

---------------  T H R E A D  ---------------

Current thread (0x0000000017c50000):  JavaThread "C2 CompilerThread0" daemon [_thread_in_native, id=1080, stack(0x0000000019290000,0x0000000019390000)]

Stack: [0x0000000019290000,0x0000000019390000]
[error occurred during error reporting (printing stack bounds), id 0xc0000005]

Native frames: (J=compiled Java code, j=interpreted, Vv=VM code, C=native code)


Current CompileTask:
C2:  24111 5341       4       java.net.URLClassLoader$1::run (5 bytes)


---------------  P R O C E S S  ---------------

Java Threads: ( => current thread )
  0x000000001be5c000 JavaThread "localhost-startStop-1" daemon [_thread_in_Java, id=10880, stack(0x00000000202a0000,0x00000000203a0000)]
  0x000000001bf39800 JavaThread "Tomcat-startStop-1" daemon [_thread_blocked, id=6984, stack(0x00000000201a0000,0x00000000202a0000)]
  0x000000001c30b800 JavaThread "main" [_thread_blocked, id=9860, stack(0x000000001ddc0000,0x000000001dec0000)]
  0x0000000017cad800 JavaThread "Service Thread" daemon [_thread_blocked, id=7864, stack(0x0000000019990000,0x0000000019a90000)]
  0x0000000017c55800 JavaThread "C1 CompilerThread2" daemon [_thread_in_native, id=10764, stack(0x0000000019490000,0x0000000019590000)]
  0x0000000017c52000 JavaThread "C2 CompilerThread1" daemon [_thread_in_native, id=3136, stack(0x0000000019390000,0x0000000019490000)]
=>0x0000000017c50000 JavaThread "C2 CompilerThread0" daemon [_thread_in_native, id=1080, stack(0x0000000019290000,0x0000000019390000)]
  0x0000000017c4e800 JavaThread "Attach Listener" daemon [_thread_blocked, id=10700, stack(0x0000000019190000,0x0000000019290000)]
  0x0000000017c4b000 JavaThread "Signal Dispatcher" daemon [_thread_blocked, id=7192, stack(0x0000000019090000,0x0000000019190000)]
  0x00000000030fa800 JavaThread "Finalizer" daemon [_thread_blocked, id=10940, stack(0x0000000018ea0000,0x0000000018fa0000)]
  0x00000000030ef800 JavaThread "Reference Handler" daemon [_thread_blocked, id=6564, stack(0x0000000018da0000,0x0000000018ea0000)]
  0x0000000002e4e000 JavaThread "main" [_thread_blocked, id=892, stack(0x0000000002f00000,0x0000000003000000)]

Other Threads:
  0x0000000017c18000 VMThread [stack: 0x0000000018ca0000,0x0000000018da0000] [id=11244]
  0x00000000195d5000 WatcherThread [stack: 0x0000000019a90000,0x0000000019b90000] [id=8596]

VM state:not at safepoint (normal execution)

VM Mutex/Monitor currently owned by a thread: None

Heap:
 PSYoungGen      total 145408K, used 27354K [0x00000000d5d80000, 0x00000000e2600000, 0x0000000100000000)
  eden space 133120K, 20% used [0x00000000d5d80000,0x00000000d78369b8,0x00000000ddf80000)
  from space 12288K, 0% used [0x00000000ddf80000,0x00000000ddf80000,0x00000000deb80000)
  to   space 16384K, 0% used [0x00000000e1600000,0x00000000e1600000,0x00000000e2600000)
 ParOldGen       total 80896K, used 26863K [0x0000000081800000, 0x0000000086700000, 0x00000000d5d80000)
  object space 80896K, 33% used [0x0000000081800000,0x000000008323bf00,0x0000000086700000)
 Metaspace       used 37702K, capacity 38428K, committed 38656K, reserved 1083392K
  class space    used 4594K, capacity 4799K, committed 4864K, reserved 1048576K

Card table byte_map: [0x00000000124c0000,0x00000000128c0000] byte_map_base: 0x00000000120b4000

Marking Bits: (ParMarkBitMap*) 0x00000000764dd850
 Begin Bits: [0x0000000012f70000, 0x0000000014f10000)
 End Bits:   [0x0000000014f10000, 0x0000000016eb0000)

Polling page: 0x0000000002d60000

CodeCache: size=245760Kb used=16172Kb max_used=16737Kb free=229587Kb
 bounds [0x0000000003100000, 0x0000000004170000, 0x0000000012100000]
 total_blobs=4982 nmethods=4553 adapters=341
 compilation: enabled

Compilation events (10 events):
Event: 24.086 Thread 0x0000000017c55800 5393       3       sun.reflect.generics.visitor.Reifier::visitWildcard (22 bytes)
Event: 24.087 Thread 0x0000000017c55800 nmethod 5393 0x0000000003fcfa50 code [0x0000000003fcfc00, 0x0000000003fd01f0]
Event: 24.092 Thread 0x0000000017c55800 5394       3       org.springframework.core.ResolvableType::resolveType (151 bytes)
Event: 24.094 Thread 0x0000000017c55800 nmethod 5394 0x0000000003e876d0 code [0x0000000003e879c0, 0x0000000003e89038]
Event: 24.094 Thread 0x0000000017c55800 5395       3       org.springframework.core.ResolvableType::getGenerics (134 bytes)
Event: 24.095 Thread 0x0000000017c55800 nmethod 5395 0x00000000034cb690 code [0x00000000034cb8e0, 0x00000000034cc958]
Event: 24.095 Thread 0x0000000017c55800 5396       3       java.lang.ThreadLocal$ThreadLocalMap::getEntryAfterMiss (63 bytes)
Event: 24.096 Thread 0x0000000017c55800 nmethod 5396 0x000000000334f510 code [0x000000000334f6a0, 0x000000000334fc08]
Event: 24.098 Thread 0x0000000017c55800 5397       3       sun.reflect.generics.reflectiveObjects.WildcardTypeImpl::toString (155 bytes)
Event: 24.099 Thread 0x0000000017c55800 nmethod 5397 0x00000000036f5690 code [0x00000000036f58e0, 0x00000000036f66c8]

GC Heap History (10 events):
Event: 19.798 GC heap before
{Heap before GC invocations=7 (full 0):
 PSYoungGen      total 145408K, used 81458K [0x00000000d5d80000, 0x00000000df780000, 0x0000000100000000)
  eden space 133120K, 53% used [0x00000000d5d80000,0x00000000da365ae8,0x00000000ddf80000)
  from space 12288K, 80% used [0x00000000deb80000,0x00000000df527040,0x00000000df780000)
  to   space 12288K, 0% used [0x00000000ddf80000,0x00000000ddf80000,0x00000000deb80000)
 ParOldGen       total 87552K, used 14469K [0x0000000081800000, 0x0000000086d80000, 0x00000000d5d80000)
  object space 87552K, 16% used [0x0000000081800000,0x0000000082621490,0x0000000086d80000)
 Metaspace       used 20581K, capacity 21172K, committed 21296K, reserved 1069056K
  class space    used 2483K, capacity 2664K, committed 2688K, reserved 1048576K
Event: 19.829 GC heap after
Heap after GC invocations=7 (full 0):
 PSYoungGen      total 140288K, used 12268K [0x00000000d5d80000, 0x00000000df880000, 0x0000000100000000)
  eden space 128000K, 0% used [0x00000000d5d80000,0x00000000d5d80000,0x00000000dda80000)
  from space 12288K, 99% used [0x00000000ddf80000,0x00000000deb7b108,0x00000000deb80000)
  to   space 13312K, 0% used [0x00000000deb80000,0x00000000deb80000,0x00000000df880000)
 ParOldGen       total 87552K, used 16872K [0x0000000081800000, 0x0000000086d80000, 0x00000000d5d80000)
  object space 87552K, 19% used [0x0000000081800000,0x000000008287a1f8,0x0000000086d80000)
 Metaspace       used 20581K, capacity 21172K, committed 21296K, reserved 1069056K
  class space    used 2483K, capacity 2664K, committed 2688K, reserved 1048576K
}
Event: 19.829 GC heap before
{Heap before GC invocations=8 (full 1):
 PSYoungGen      total 140288K, used 12268K [0x00000000d5d80000, 0x00000000df880000, 0x0000000100000000)
  eden space 128000K, 0% used [0x00000000d5d80000,0x00000000d5d80000,0x00000000dda80000)
  from space 12288K, 99% used [0x00000000ddf80000,0x00000000deb7b108,0x00000000deb80000)
  to   space 13312K, 0% used [0x00000000deb80000,0x00000000deb80000,0x00000000df880000)
 ParOldGen       total 87552K, used 16872K [0x0000000081800000, 0x0000000086d80000, 0x00000000d5d80000)
  object space 87552K, 19% used [0x0000000081800000,0x000000008287a1f8,0x0000000086d80000)
 Metaspace       used 20581K, capacity 21172K, committed 21296K, reserved 1069056K
  class space    used 2483K, capacity 2664K, committed 2688K, reserved 1048576K
Event: 20.011 GC heap after
Heap after GC invocations=8 (full 1):
 PSYoungGen      total 140288K, used 0K [0x00000000d5d80000, 0x00000000df880000, 0x0000000100000000)
  eden space 128000K, 0% used [0x00000000d5d80000,0x00000000d5d80000,0x00000000dda80000)
  from space 12288K, 0% used [0x00000000ddf80000,0x00000000ddf80000,0x00000000deb80000)
  to   space 13312K, 0% used [0x00000000deb80000,0x00000000deb80000,0x00000000df880000)
 ParOldGen       total 80896K, used 24134K [0x0000000081800000, 0x0000000086700000, 0x00000000d5d80000)
  object space 80896K, 29% used [0x0000000081800000,0x0000000082f91a88,0x0000000086700000)
 Metaspace       used 20581K, capacity 21172K, committed 21296K, reserved 1069056K
  class space    used 2483K, capacity 2664K, committed 2688K, reserved 1048576K
}
Event: 22.535 GC heap before
{Heap before GC invocations=9 (full 1):
 PSYoungGen      total 140288K, used 128000K [0x00000000d5d80000, 0x00000000df880000, 0x0000000100000000)
  eden space 128000K, 100% used [0x00000000d5d80000,0x00000000dda80000,0x00000000dda80000)
  from space 12288K, 0% used [0x00000000ddf80000,0x00000000ddf80000,0x00000000deb80000)
  to   space 13312K, 0% used [0x00000000deb80000,0x00000000deb80000,0x00000000df880000)
 ParOldGen       total 80896K, used 24134K [0x0000000081800000, 0x0000000086700000, 0x00000000d5d80000)
  object space 80896K, 29% used [0x0000000081800000,0x0000000082f91a88,0x0000000086700000)
 Metaspace       used 32927K, capacity 33654K, committed 33920K, reserved 1079296K
  class space    used 3981K, capacity 4190K, committed 4224K, reserved 1048576K
Event: 22.553 GC heap after
Heap after GC invocations=9 (full 1):
 PSYoungGen      total 141312K, used 13299K [0x00000000d5d80000, 0x00000000df880000, 0x0000000100000000)
  eden space 128000K, 0% used [0x00000000d5d80000,0x00000000d5d80000,0x00000000dda80000)
  from space 13312K, 99% used [0x00000000deb80000,0x00000000df87ce28,0x00000000df880000)
  to   space 12288K, 0% used [0x00000000ddf80000,0x00000000ddf80000,0x00000000deb80000)
 ParOldGen       total 80896K, used 24908K [0x0000000081800000, 0x0000000086700000, 0x00000000d5d80000)
  object space 80896K, 30% used [0x0000000081800000,0x0000000083053238,0x0000000086700000)
 Metaspace       used 32927K, capacity 33654K, committed 33920K, reserved 1079296K
  class space    used 3981K, capacity 4190K, committed 4224K, reserved 1048576K
}
Event: 22.945 GC heap before
{Heap before GC invocations=10 (full 1):
 PSYoungGen      total 141312K, used 37680K [0x00000000d5d80000, 0x00000000df880000, 0x0000000100000000)
  eden space 128000K, 19% used [0x00000000d5d80000,0x00000000d754f5a0,0x00000000dda80000)
  from space 13312K, 99% used [0x00000000deb80000,0x00000000df87ce28,0x00000000df880000)
  to   space 12288K, 0% used [0x00000000ddf80000,0x00000000ddf80000,0x00000000deb80000)
 ParOldGen       total 80896K, used 24908K [0x0000000081800000, 0x0000000086700000, 0x00000000d5d80000)
  object space 80896K, 30% used [0x0000000081800000,0x0000000083053238,0x0000000086700000)
 Metaspace       used 34510K, capacity 35196K, committed 35456K, reserved 1081344K
  class space    used 4189K, capacity 4383K, committed 4480K, reserved 1048576K
Event: 22.956 GC heap after
Heap after GC invocations=10 (full 1):
 PSYoungGen      total 145408K, used 7326K [0x00000000d5d80000, 0x00000000e2600000, 0x0000000100000000)
  eden space 133120K, 0% used [0x00000000d5d80000,0x00000000d5d80000,0x00000000ddf80000)
  from space 12288K, 59% used [0x00000000ddf80000,0x00000000de6a7b88,0x00000000deb80000)
  to   space 16384K, 0% used [0x00000000e1600000,0x00000000e1600000,0x00000000e2600000)
 ParOldGen       total 80896K, used 24916K [0x0000000081800000, 0x0000000086700000, 0x00000000d5d80000)
  object space 80896K, 30% used [0x0000000081800000,0x0000000083055238,0x0000000086700000)
 Metaspace       used 34510K, capacity 35196K, committed 35456K, reserved 1081344K
  class space    used 4189K, capacity 4383K, committed 4480K, reserved 1048576K
}
Event: 22.956 GC heap before
{Heap before GC invocations=11 (full 2):
 PSYoungGen      total 145408K, used 7326K [0x00000000d5d80000, 0x00000000e2600000, 0x0000000100000000)
  eden space 133120K, 0% used [0x00000000d5d80000,0x00000000d5d80000,0x00000000ddf80000)
  from space 12288K, 59% used [0x00000000ddf80000,0x00000000de6a7b88,0x00000000deb80000)
  to   space 16384K, 0% used [0x00000000e1600000,0x00000000e1600000,0x00000000e2600000)
 ParOldGen       total 80896K, used 24916K [0x0000000081800000, 0x0000000086700000, 0x00000000d5d80000)
  object space 80896K, 30% used [0x0000000081800000,0x0000000083055238,0x0000000086700000)
 Metaspace       used 34510K, capacity 35196K, committed 35456K, reserved 1081344K
  class space    used 4189K, capacity 4383K, committed 4480K, reserved 1048576K
Event: 23.150 GC heap after
Heap after GC invocations=11 (full 2):
 PSYoungGen      total 145408K, used 0K [0x00000000d5d80000, 0x00000000e2600000, 0x0000000100000000)
  eden space 133120K, 0% used [0x00000000d5d80000,0x00000000d5d80000,0x00000000ddf80000)
  from space 12288K, 0% used [0x00000000ddf80000,0x00000000ddf80000,0x00000000deb80000)
  to   space 16384K, 0% used [0x00000000e1600000,0x00000000e1600000,0x00000000e2600000)
 ParOldGen       total 80896K, used 26863K [0x0000000081800000, 0x0000000086700000, 0x00000000d5d80000)
  object space 80896K, 33% used [0x0000000081800000,0x000000008323bf00,0x0000000086700000)
 Metaspace       used 34510K, capacity 35196K, committed 35456K, reserved 1081344K
  class space    used 4189K, capacity 4383K, committed 4480K, reserved 1048576K
}

Deoptimization events (10 events):
Event: 23.565 Thread 0x000000001be5c000 Uncommon trap: reason=unstable_if action=reinterpret pc=0x00000000040b41a4 method=java.io.WinNTFileSystem.resolve(Ljava/lang/String;Ljava/lang/String;)Ljava/lang/String; @ 49
Event: 23.569 Thread 0x000000001be5c000 Uncommon trap: reason=null_check action=make_not_entrant pc=0x0000000003369c40 method=java.net.URL.getURLStreamHandler(Ljava/lang/String;)Ljava/net/URLStreamHandler; @ 7
Event: 23.603 Thread 0x000000001be5c000 Uncommon trap: reason=class_check action=maybe_recompile pc=0x00000000037ecff0 method=java.util.zip.InflaterInputStream.read([BII)I @ 100
Event: 23.632 Thread 0x000000001be5c000 Uncommon trap: reason=class_check action=maybe_recompile pc=0x00000000037ecff0 method=java.util.zip.InflaterInputStream.read([BII)I @ 100
Event: 23.632 Thread 0x000000001be5c000 Uncommon trap: reason=class_check action=maybe_recompile pc=0x00000000037ecff0 method=java.util.zip.InflaterInputStream.read([BII)I @ 100
Event: 23.632 Thread 0x000000001be5c000 Uncommon trap: reason=class_check action=maybe_recompile pc=0x00000000037ecff0 method=java.util.zip.InflaterInputStream.read([BII)I @ 100
Event: 23.851 Thread 0x000000001be5c000 Uncommon trap: reason=unstable_if action=reinterpret pc=0x00000000032ab534 method=java.util.jar.Attributes$Name.isDigit(C)Z @ 3
Event: 24.040 Thread 0x000000001be5c000 Uncommon trap: reason=unstable_if action=reinterpret pc=0x0000000003f87e8c method=org.springframework.util.ConcurrentReferenceHashMap$Segment.findInChain(Lorg/springframework/util/ConcurrentReferenceHashMap$Reference;Ljava/lang/Object;I)Lorg/springframewo
Event: 24.041 Thread 0x000000001be5c000 Uncommon trap: reason=unstable_if action=reinterpret pc=0x0000000003f8b810 method=org.springframework.util.ConcurrentReferenceHashMap$Segment.findInChain(Lorg/springframework/util/ConcurrentReferenceHashMap$Reference;Ljava/lang/Object;I)Lorg/springframewo
Event: 24.041 Thread 0x000000001be5c000 Uncommon trap: reason=unstable_if action=reinterpret pc=0x0000000003f9b27c method=org.springframework.util.ConcurrentReferenceHashMap$Segment.findInChain(Lorg/springframework/util/ConcurrentReferenceHashMap$Reference;Ljava/lang/Object;I)Lorg/springframewo

Internal exceptions (10 events):
Event: 24.072 Thread 0x000000001be5c000 Exception <a 'java/lang/ClassNotFoundException': java/lang/ObjectCustomizer> (0x00000000d762f200) thrown at [C:\re\workspace\8-2-build-windows-amd64-cygwin\jdk8u141\9370\hotspot\src\share\vm\classfile\systemDictionary.cpp, line 210]
Event: 24.074 Thread 0x000000001be5c000 Exception <a 'java/lang/ClassNotFoundException': javax/ws/rs/core/ApplicationCustomizer> (0x00000000d7645610) thrown at [C:\re\workspace\8-2-build-windows-amd64-cygwin\jdk8u141\9370\hotspot\src\share\vm\classfile\systemDictionary.cpp, line 210]
Event: 24.076 Thread 0x000000001be5c000 Exception <a 'java/lang/ClassNotFoundException': org/glassfish/jersey/server/ResourceConfigCustomizer> (0x00000000d7661d98) thrown at [C:\re\workspace\8-2-build-windows-amd64-cygwin\jdk8u141\9370\hotspot\src\share\vm\classfile\systemDictionary.cpp, line 2
Event: 24.079 Thread 0x000000001be5c000 Exception <a 'java/lang/ClassNotFoundException': com/vn/hcmute/team/cortana/mymoney/JerseyConfigCustomizer> (0x00000000d76c4f28) thrown at [C:\re\workspace\8-2-build-windows-amd64-cygwin\jdk8u141\9370\hotspot\src\share\vm\classfile\systemDictionary.cpp, l
Event: 24.085 Thread 0x000000001be5c000 Exception <a 'java/lang/ClassNotFoundException': javax/ws/rs/core/ConfigurableCustomizer> (0x00000000d7709e00) thrown at [C:\re\workspace\8-2-build-windows-amd64-cygwin\jdk8u141\9370\hotspot\src\share\vm\classfile\systemDictionary.cpp, line 210]
Event: 24.088 Thread 0x000000001be5c000 Exception <a 'java/lang/ClassNotFoundException': org/glassfish/jersey/server/ServerConfigCustomizer> (0x00000000d772c5e8) thrown at [C:\re\workspace\8-2-build-windows-amd64-cygwin\jdk8u141\9370\hotspot\src\share\vm\classfile\systemDictionary.cpp, line 210
Event: 24.095 Thread 0x000000001be5c000 Exception <a 'java/lang/ClassNotFoundException': java/lang/ObjectCustomizer> (0x00000000d776c478) thrown at [C:\re\workspace\8-2-build-windows-amd64-cygwin\jdk8u141\9370\hotspot\src\share\vm\classfile\systemDictionary.cpp, line 210]
Event: 24.096 Thread 0x000000001be5c000 Exception <a 'java/lang/ClassNotFoundException': org/springframework/boot/autoconfigure/jersey/JerseyAutoConfiguration$JacksonResourceConfigCustomizerCustomizer> (0x00000000d7794f50) thrown at [C:\re\workspace\8-2-build-windows-amd64-cygwin\jdk8u141\9370\
Event: 24.098 Thread 0x000000001be5c000 Exception <a 'java/lang/ClassNotFoundException': org/springframework/boot/autoconfigure/jersey/JerseyAutoConfiguration$JacksonResourceConfigCustomizer$$EnhancerBySpringCGLIB$$a59a3434Customizer> (0x00000000d77c4f28) thrown at [C:\re\workspace\8-2-build-wi
Event: 24.100 Thread 0x000000001be5c000 Exception <a 'java/lang/ClassNotFoundException': org/springframework/context/annotation/ConfigurationClassEnhancer$EnhancedConfigurationCustomizer> (0x00000000d77edfa0) thrown at [C:\re\workspace\8-2-build-windows-amd64-cygwin\jdk8u141\9370\hotspot\src\sh

Events (10 events):
Event: 24.097 loading class org/springframework/boot/autoconfigure/jersey/JerseyAutoConfiguration$JacksonResourceConfigCustomizer$$EnhancerBySpringCGLIB$$a59a3434Customizer
Event: 24.097 loading class org/springframework/boot/autoconfigure/jersey/JerseyAutoConfiguration$JacksonResourceConfigCustomizer$$EnhancerBySpringCGLIB$$a59a3434Customizer done
Event: 24.098 loading class org/springframework/boot/autoconfigure/jersey/JerseyAutoConfiguration$JacksonResourceConfigCustomizer$$EnhancerBySpringCGLIB$$a59a3434Customizer
Event: 24.098 loading class org/springframework/boot/autoconfigure/jersey/JerseyAutoConfiguration$JacksonResourceConfigCustomizer$$EnhancerBySpringCGLIB$$a59a3434Customizer done
Event: 24.098 loading class org/springframework/context/annotation/ConfigurationClassEnhancer$EnhancedConfigurationCustomizer
Event: 24.098 loading class org/springframework/context/annotation/ConfigurationClassEnhancer$EnhancedConfigurationCustomizer done
Event: 24.099 loading class org/springframework/context/annotation/ConfigurationClassEnhancer$EnhancedConfigurationCustomizer
Event: 24.099 loading class org/springframework/context/annotation/ConfigurationClassEnhancer$EnhancedConfigurationCustomizer done
Event: 24.100 loading class org/springframework/context/annotation/ConfigurationClassEnhancer$EnhancedConfigurationCustomizer
Event: 24.100 loading class org/springframework/context/annotation/ConfigurationClassEnhancer$EnhancedConfigurationCustomizer done


Dynamic libraries:
0x00007ff74cd90000 - 0x00007ff74cdc7000 	C:\ProgramData\Oracle\Java\javapath\java.exe
0x00007ff953420000 - 0x00007ff9535fb000 	C:\Windows\SYSTEM32\ntdll.dll
0x00007ff950cb0000 - 0x00007ff950d5e000 	C:\Windows\System32\KERNEL32.DLL
0x00007ff950530000 - 0x00007ff950779000 	C:\Windows\System32\KERNELBASE.dll
0x00007ff952d20000 - 0x00007ff952dc1000 	C:\Windows\System32\ADVAPI32.dll
0x00007ff950be0000 - 0x00007ff950c7d000 	C:\Windows\System32\msvcrt.dll
0x00007ff952dd0000 - 0x00007ff952e29000 	C:\Windows\System32\sechost.dll
0x00007ff9510e0000 - 0x00007ff951205000 	C:\Windows\System32\RPCRT4.dll
0x00007ff950980000 - 0x00007ff950aca000 	C:\Windows\System32\USER32.dll
0x00007ff950780000 - 0x00007ff95079e000 	C:\Windows\System32\win32u.dll
0x00007ff950c80000 - 0x00007ff950ca7000 	C:\Windows\System32\GDI32.dll
0x00007ff9507f0000 - 0x00007ff950978000 	C:\Windows\System32\gdi32full.dll
0x00007ff9503e0000 - 0x00007ff95047a000 	C:\Windows\System32\msvcp_win.dll
0x00007ff94f9a0000 - 0x00007ff94fa96000 	C:\Windows\System32\ucrtbase.dll
0x00007ff943a70000 - 0x00007ff943cd7000 	C:\Windows\WinSxS\amd64_microsoft.windows.common-controls_6595b64144ccf1df_6.0.15063.483_none_26002d27e7c744a2\COMCTL32.dll
0x00007ff9512e0000 - 0x00007ff9515d9000 	C:\Windows\System32\combase.dll
0x00007ff94faa0000 - 0x00007ff94fb0a000 	C:\Windows\System32\bcryptPrimitives.dll
0x00007ff9510b0000 - 0x00007ff9510dd000 	C:\Windows\System32\IMM32.DLL
0x0000000075be0000 - 0x0000000075cb2000 	C:\Program Files\Java\jre1.8.0_141\bin\msvcr100.dll
0x0000000075cc0000 - 0x000000007655d000 	C:\Program Files\Java\jre1.8.0_141\bin\server\jvm.dll
0x00007ff951850000 - 0x00007ff951858000 	C:\Windows\System32\PSAPI.DLL
0x00007ff946790000 - 0x00007ff94679a000 	C:\Windows\SYSTEM32\VERSION.dll
0x00007ff94c840000 - 0x00007ff94c863000 	C:\Windows\SYSTEM32\WINMM.dll
0x00007ff94c7e0000 - 0x00007ff94c80b000 	C:\Windows\SYSTEM32\winmmbase.dll
0x00007ff9507a0000 - 0x00007ff9507e9000 	C:\Windows\System32\cfgmgr32.dll
0x00007ff94ba30000 - 0x00007ff94ba39000 	C:\Windows\SYSTEM32\WSOCK32.dll
0x00007ff951270000 - 0x00007ff9512dc000 	C:\Windows\System32\WS2_32.dll
0x0000000050010000 - 0x000000005001f000 	C:\Program Files\Java\jre1.8.0_141\bin\verify.dll
0x0000000077d00000 - 0x0000000077d29000 	C:\Program Files\Java\jre1.8.0_141\bin\java.dll
0x0000000077ce0000 - 0x0000000077cf6000 	C:\Program Files\Java\jre1.8.0_141\bin\zip.dll
0x00007ff951860000 - 0x00007ff952c96000 	C:\Windows\System32\SHELL32.dll
0x00007ff953370000 - 0x00007ff95341a000 	C:\Windows\System32\shcore.dll
0x00007ff94fce0000 - 0x00007ff9503d3000 	C:\Windows\System32\windows.storage.dll
0x00007ff951210000 - 0x00007ff951261000 	C:\Windows\System32\shlwapi.dll
0x00007ff94f900000 - 0x00007ff94f911000 	C:\Windows\System32\kernel.appcore.dll
0x00007ff94f8b0000 - 0x00007ff94f8fc000 	C:\Windows\System32\powrprof.dll
0x00007ff94f890000 - 0x00007ff94f8a5000 	C:\Windows\System32\profapi.dll
0x00007ff94b7b0000 - 0x00007ff94b7ba000 	C:\Program Files\apache-maven-3.5.0\lib\jansi-native\windows64\jansi.dll
0x0000000077cc0000 - 0x0000000077cda000 	C:\Program Files\Java\jre1.8.0_141\bin\net.dll
0x00007ff94f1a0000 - 0x00007ff94f1fc000 	C:\Windows\system32\mswsock.dll
0x0000000077530000 - 0x0000000077541000 	C:\Program Files\Java\jre1.8.0_141\bin\nio.dll
0x0000000077cb0000 - 0x0000000077cbd000 	C:\Program Files\Java\jre1.8.0_141\bin\management.dll
0x00007ff94cb80000 - 0x00007ff94cb96000 	C:\Windows\system32\napinsp.dll
0x00007ff94c790000 - 0x00007ff94c7aa000 	C:\Windows\system32\pnrpnsp.dll
0x00007ff94caf0000 - 0x00007ff94cb08000 	C:\Windows\system32\NLAapi.dll
0x00007ff94ef80000 - 0x00007ff94f024000 	C:\Windows\SYSTEM32\DNSAPI.dll
0x00007ff951780000 - 0x00007ff951788000 	C:\Windows\System32\NSI.dll
0x00007ff94ef40000 - 0x00007ff94ef77000 	C:\Windows\SYSTEM32\IPHLPAPI.DLL
0x00007ff94b9f0000 - 0x00007ff94b9fe000 	C:\Windows\System32\winrnr.dll
0x00007ff92b640000 - 0x00007ff92b655000 	C:\Windows\System32\wshbth.dll
0x00007ff942a90000 - 0x00007ff942a9a000 	C:\Windows\System32\rasadhlp.dll
0x00007ff943360000 - 0x00007ff9433cb000 	C:\Windows\System32\fwpuclnt.dll
0x00007ff94f450000 - 0x00007ff94f475000 	C:\Windows\SYSTEM32\bcrypt.dll
0x00007ff94f340000 - 0x00007ff94f357000 	C:\Windows\SYSTEM32\CRYPTSP.dll
0x00007ff94edc0000 - 0x00007ff94edf4000 	C:\Windows\system32\rsaenh.dll
0x00007ff94f7c0000 - 0x00007ff94f7e9000 	C:\Windows\SYSTEM32\USERENV.dll
0x00007ff94f360000 - 0x00007ff94f36b000 	C:\Windows\SYSTEM32\CRYPTBASE.dll
0x00007ff949d60000 - 0x00007ff949d76000 	C:\Windows\SYSTEM32\dhcpcsvc6.DLL
0x00007ff949e10000 - 0x00007ff949e2a000 	C:\Windows\SYSTEM32\dhcpcsvc.DLL

VM Arguments:
jvm_args: -Dclassworlds.conf=C:\Program Files\apache-maven-3.5.0\bin\..\bin\m2.conf -Dmaven.home=C:\Program Files\apache-maven-3.5.0\bin\.. -Dmaven.multiModuleProjectDirectory=D:\my-java\my-money-webservice 
java_command: org.codehaus.plexus.classworlds.launcher.Launcher spring-boot:run
java_class_path (initial): C:\Program Files\apache-maven-3.5.0\bin\..\boot\plexus-classworlds-2.5.2.jar
Launcher Type: SUN_STANDARD

Environment Variables:
PATH=C:\Program Files\Dell\DW WLAN Card;;C:\ProgramData\Oracle\Java\javapath;C:\Windows\system32;C:\Windows;C:\Windows\System32\Wbem;C:\Windows\System32\WindowsPowerShell\v1.0\;C:\Program Files\Microsoft SQL Server\120\Tools\Binn\;C:\Program Files\Microsoft SQL Server\130\Tools\Binn\;C:\Program Files\MySQL\MySQL Utilities 1.6\;C:\Program Files\Microsoft SQL Server\Client SDK\ODBC\110\Tools\Binn\;C:\Program Files (x86)\Microsoft SQL Server\120\Tools\Binn\;C:\Program Files\Microsoft SQL Server\120\DTS\Binn\;C:\Program Files (x86)\Microsoft SQL Server\120\Tools\Binn\ManagementStudio\;C:\Program Files (x86)\Microsoft SQL Server\120\DTS\Binn\;C:\Program Files\nodejs\;C:\Program Files\MongoDB\Server\3.4\bin;C:\Program Files\apache-maven-3.5.0\bin;C:\Program Files\dotnet\;C:\Users\kunsubin\AppData\Local\Microsoft\WindowsApps;C:\Users\kunsubin\AppData\Roaming\npm;C:\Program Files\Heroku\bin;C:\Users\kunsubin\AppData\Local\GitHubDesktop\bin
USERNAME=kunsubin
OS=Windows_NT
PROCESSOR_IDENTIFIER=Intel64 Family 6 Model 69 Stepping 1, GenuineIntel



---------------  S Y S T E M  ---------------

OS: Windows 10.0 , 64 bit Build 15063 (10.0.15063.296)

CPU:total 4 (initial active 4) (2 cores per cpu, 2 threads per core) family 6 model 69 stepping 1, cmov, cx8, fxsr, mmx, sse, sse2, sse3, ssse3, sse4.1, sse4.2, popcnt, avx, avx2, aes, clmul, erms, lzcnt, ht, tsc, tscinvbit, bmi1, bmi2

Memory: 4k page, physical 8290124k(1144644k free), swap 9338700k(5960k free)

vm_info: Java HotSpot(TM) 64-Bit Server VM (25.141-b15) for windows-amd64 JRE (1.8.0_141-b15), built on Jul 12 2017 04:25:12 by "java_re" with MS VC++ 10.0 (VS2010)

time: Tue Sep 26 19:55:14 2017
elapsed time: 24 seconds (0d 0h 0m 24s)

